GPU memory (GB): 24.00
Occupied time (h): 72.00
GPU ID: 0,1,2,3
Try allocate GPU memory 1 times >>>>>>>>>>>>>>>>>>>>
GPU-0: Successfully allocate 24.00 GB GPU memory (23.27 GB available)
GPU-1: Successfully allocate 24.00 GB GPU memory (23.27 GB available)
GPU-2: Successfully allocate 24.00 GB GPU memory (23.27 GB available)
GPU-3: Successfully allocate 24.00 GB GPU memory (23.27 GB available)
Successfully allocate memory on all GPUs!
Running default script >>>>>>>>>>>>>>>>>>>>
Occupied time: 0.00 hours
Occupied time: 0.01 hours
Occupied time: 0.01 hours
Occupied time: 0.02 hours
Occupied time: 0.02 hours
Occupied time: 0.03 hours
Occupied time: 0.03 hours
Occupied time: 0.04 hours
Occupied time: 0.04 hours
Occupied time: 0.05 hours
Occupied time: 0.05 hours
Occupied time: 0.05 hours
Occupied time: 0.06 hours
Occupied time: 0.06 hours
Occupied time: 0.07 hours
Occupied time: 0.07 hours
Occupied time: 0.08 hours
Occupied time: 0.08 hours
Occupied time: 0.09 hours
Occupied time: 0.09 hours
Occupied time: 0.10 hours
Occupied time: 0.10 hours
Occupied time: 0.11 hours
Occupied time: 0.11 hours
Occupied time: 0.11 hours
Occupied time: 0.12 hours
Occupied time: 0.12 hours
Occupied time: 0.13 hours
Occupied time: 0.13 hours
Occupied time: 0.14 hours
Occupied time: 0.14 hours
Occupied time: 0.15 hours
Occupied time: 0.15 hours
Occupied time: 0.16 hours
Occupied time: 0.16 hours
Occupied time: 0.16 hours
Occupied time: 0.17 hours
Occupied time: 0.17 hours
Occupied time: 0.18 hours
Occupied time: 0.18 hours
Occupied time: 0.19 hours
Occupied time: 0.19 hours
Occupied time: 0.20 hours
Occupied time: 0.20 hours
Occupied time: 0.21 hours
Occupied time: 0.21 hours
Occupied time: 0.22 hours
Occupied time: 0.22 hours
Occupied time: 0.22 hours
Occupied time: 0.23 hours
Occupied time: 0.23 hours
Occupied time: 0.24 hours
Occupied time: 0.24 hours
Occupied time: 0.25 hours
Occupied time: 0.25 hours
Occupied time: 0.26 hours
Occupied time: 0.26 hours
Occupied time: 0.27 hours
Occupied time: 0.27 hours
Occupied time: 0.27 hours
Occupied time: 0.28 hours
Occupied time: 0.28 hours
Occupied time: 0.29 hours
Occupied time: 0.29 hours
Occupied time: 0.30 hours
Occupied time: 0.30 hours
Occupied time: 0.31 hours
Occupied time: 0.31 hours
Occupied time: 0.32 hours
Occupied time: 0.32 hours
Occupied time: 0.33 hours
Occupied time: 0.33 hours
Occupied time: 0.33 hours
Occupied time: 0.34 hours
Occupied time: 0.34 hours
Occupied time: 0.35 hours
Occupied time: 0.35 hours
Occupied time: 0.36 hours
Occupied time: 0.36 hours
Occupied time: 0.37 hours
Occupied time: 0.37 hours
Occupied time: 0.38 hours
Occupied time: 0.38 hours
Occupied time: 0.38 hours
Occupied time: 0.39 hours
Occupied time: 0.39 hours
Occupied time: 0.40 hours
Occupied time: 0.40 hours
Occupied time: 0.41 hours
Occupied time: 0.41 hours
Occupied time: 0.42 hours
Occupied time: 0.42 hours
Occupied time: 0.43 hours
Occupied time: 0.43 hours
Occupied time: 0.43 hours
Occupied time: 0.44 hours
Occupied time: 0.44 hours
Occupied time: 0.45 hours
Occupied time: 0.45 hours
Occupied time: 0.46 hours
Occupied time: 0.46 hours
Occupied time: 0.47 hours
Occupied time: 0.47 hours
Occupied time: 0.48 hours
Occupied time: 0.48 hours
Occupied time: 0.48 hours
Occupied time: 0.49 hours
Occupied time: 0.49 hours
Occupied time: 0.50 hours
Occupied time: 0.50 hours
Occupied time: 0.51 hours
Occupied time: 0.51 hours
Occupied time: 0.52 hours
Occupied time: 0.52 hours
Occupied time: 0.53 hours
Occupied time: 0.53 hours
Occupied time: 0.53 hours
Occupied time: 0.54 hours
Occupied time: 0.54 hours
Occupied time: 0.55 hours
Occupied time: 0.55 hours
Occupied time: 0.56 hours
Occupied time: 0.56 hours
Occupied time: 0.57 hours
Occupied time: 0.57 hours
Occupied time: 0.58 hours
Occupied time: 0.58 hours
Occupied time: 0.59 hours
Occupied time: 0.59 hours
Occupied time: 0.59 hours
Occupied time: 0.60 hours
Occupied time: 0.60 hours
Occupied time: 0.61 hours
Occupied time: 0.61 hours
Occupied time: 0.62 hours
Occupied time: 0.62 hours
Occupied time: 0.63 hours
Occupied time: 0.63 hours
Occupied time: 0.64 hours
Occupied time: 0.64 hours
Occupied time: 0.64 hours
Occupied time: 0.65 hours
Occupied time: 0.65 hours
Occupied time: 0.66 hours
Occupied time: 0.66 hours
Occupied time: 0.67 hours
Occupied time: 0.67 hours
Occupied time: 0.68 hours
Occupied time: 0.68 hours
Occupied time: 0.69 hours
Occupied time: 0.69 hours
Occupied time: 0.70 hours
Occupied time: 0.70 hours
Occupied time: 0.70 hours
Occupied time: 0.71 hours
Occupied time: 0.71 hours
Occupied time: 0.72 hours
Occupied time: 0.72 hours
Occupied time: 0.73 hours
Occupied time: 0.73 hours
Occupied time: 0.74 hours
Occupied time: 0.74 hours
Occupied time: 0.75 hours
Occupied time: 0.75 hours
Occupied time: 0.76 hours
Occupied time: 0.76 hours
Occupied time: 0.76 hours
Occupied time: 0.77 hours
Occupied time: 0.77 hours
Occupied time: 0.78 hours
Occupied time: 0.78 hours
Occupied time: 0.79 hours
Occupied time: 0.79 hours
Occupied time: 0.80 hours
Occupied time: 0.80 hours
Occupied time: 0.81 hours
Occupied time: 0.81 hours
Occupied time: 0.81 hours
Occupied time: 0.82 hours
Occupied time: 0.82 hours
Occupied time: 0.83 hours
Occupied time: 0.83 hours
Occupied time: 0.84 hours
Occupied time: 0.84 hours
Occupied time: 0.85 hours
Occupied time: 0.85 hours
Occupied time: 0.86 hours
Occupied time: 0.86 hours
Occupied time: 0.86 hours
Occupied time: 0.87 hours
Occupied time: 0.87 hours
Occupied time: 0.88 hours
Occupied time: 0.88 hours
Occupied time: 0.89 hours
Occupied time: 0.89 hours
Occupied time: 0.90 hours
Occupied time: 0.90 hours
Occupied time: 0.91 hours
Occupied time: 0.91 hours
Occupied time: 0.92 hours
Occupied time: 0.92 hours
Occupied time: 0.92 hours
Occupied time: 0.93 hours
Occupied time: 0.93 hours
Occupied time: 0.94 hours
Occupied time: 0.94 hours
Occupied time: 0.95 hours
Occupied time: 0.95 hours
Occupied time: 0.96 hours
Occupied time: 0.96 hours
Occupied time: 0.97 hours
Occupied time: 0.97 hours
Occupied time: 0.97 hours
Occupied time: 0.98 hours
Occupied time: 0.98 hours
Occupied time: 0.99 hours
Occupied time: 0.99 hours
Occupied time: 1.00 hours
Occupied time: 1.00 hours
Occupied time: 1.01 hours
Occupied time: 1.01 hours
Occupied time: 1.02 hours
Occupied time: 1.02 hours
Occupied time: 1.03 hours
Occupied time: 1.03 hours
Occupied time: 1.03 hours
Occupied time: 1.04 hours
Occupied time: 1.04 hours
Occupied time: 1.05 hours
Occupied time: 1.05 hours
Occupied time: 1.06 hours
Occupied time: 1.06 hours
Occupied time: 1.07 hours
Occupied time: 1.07 hours
Occupied time: 1.08 hours
Occupied time: 1.08 hours
Occupied time: 1.09 hours
Occupied time: 1.09 hours
Occupied time: 1.09 hours
Occupied time: 1.10 hours
Occupied time: 1.10 hours
Occupied time: 1.11 hours
Occupied time: 1.11 hours
Occupied time: 1.12 hours
Occupied time: 1.12 hours
Occupied time: 1.13 hours
Occupied time: 1.13 hours
Occupied time: 1.14 hours
Occupied time: 1.14 hours
Occupied time: 1.14 hours
Occupied time: 1.15 hours
Occupied time: 1.15 hours
Occupied time: 1.16 hours
Occupied time: 1.16 hours
Occupied time: 1.17 hours
Occupied time: 1.17 hours
Occupied time: 1.18 hours
Occupied time: 1.18 hours
Occupied time: 1.19 hours
Occupied time: 1.19 hours
Occupied time: 1.20 hours
Occupied time: 1.20 hours
Occupied time: 1.20 hours
Occupied time: 1.21 hours
Occupied time: 1.21 hours
Occupied time: 1.22 hours
Occupied time: 1.22 hours
Occupied time: 1.23 hours
Occupied time: 1.23 hours
Occupied time: 1.24 hours
Occupied time: 1.24 hours
Occupied time: 1.25 hours
Occupied time: 1.25 hours
Occupied time: 1.25 hours
Occupied time: 1.26 hours
Occupied time: 1.26 hours
Occupied time: 1.27 hours
Occupied time: 1.27 hours
Occupied time: 1.28 hours
Occupied time: 1.28 hours
Occupied time: 1.29 hours
Occupied time: 1.29 hours
Occupied time: 1.30 hours
Occupied time: 1.30 hours
Occupied time: 1.31 hours
Occupied time: 1.31 hours
Occupied time: 1.31 hours
Occupied time: 1.32 hours
Occupied time: 1.32 hours
Occupied time: 1.33 hours
Occupied time: 1.33 hours
Occupied time: 1.34 hours
Occupied time: 1.34 hours
Occupied time: 1.35 hours
Occupied time: 1.35 hours
Occupied time: 1.36 hours
Occupied time: 1.36 hours
Occupied time: 1.36 hours
Occupied time: 1.37 hours
Occupied time: 1.37 hours
Occupied time: 1.38 hours
Occupied time: 1.38 hours
Occupied time: 1.39 hours
Occupied time: 1.39 hours
Occupied time: 1.40 hours
Occupied time: 1.40 hours
Occupied time: 1.41 hours
Occupied time: 1.41 hours
Occupied time: 1.42 hours
Occupied time: 1.42 hours
Occupied time: 1.42 hours
Occupied time: 1.43 hours
Occupied time: 1.43 hours
Occupied time: 1.44 hours
Occupied time: 1.44 hours
Occupied time: 1.45 hours
Occupied time: 1.45 hours
Occupied time: 1.46 hours
Occupied time: 1.46 hours
Occupied time: 1.47 hours
Occupied time: 1.47 hours
Occupied time: 1.47 hours
Occupied time: 1.48 hours
Occupied time: 1.48 hours
Occupied time: 1.49 hours
Occupied time: 1.49 hours
Occupied time: 1.50 hours
Occupied time: 1.50 hours
Occupied time: 1.51 hours
Occupied time: 1.51 hours
Occupied time: 1.52 hours
Occupied time: 1.52 hours
Occupied time: 1.53 hours
Occupied time: 1.53 hours
Occupied time: 1.53 hours
Occupied time: 1.54 hours
Occupied time: 1.54 hours
Occupied time: 1.55 hours
Occupied time: 1.55 hours
Occupied time: 1.56 hours
Occupied time: 1.56 hours
Occupied time: 1.57 hours
Occupied time: 1.57 hours
Occupied time: 1.58 hours
Occupied time: 1.58 hours
Occupied time: 1.59 hours
Occupied time: 1.59 hours
Occupied time: 1.59 hours
Occupied time: 1.60 hours
Occupied time: 1.60 hours
Occupied time: 1.61 hours
Occupied time: 1.61 hours
Occupied time: 1.62 hours
Occupied time: 1.62 hours
Occupied time: 1.63 hours
Occupied time: 1.63 hours
Occupied time: 1.64 hours
Occupied time: 1.64 hours
Occupied time: 1.64 hours
Occupied time: 1.65 hours
Occupied time: 1.65 hours
Occupied time: 1.66 hours
Occupied time: 1.66 hours
Occupied time: 1.67 hours
Occupied time: 1.67 hours
Occupied time: 1.68 hours
Occupied time: 1.68 hours
Occupied time: 1.69 hours
Occupied time: 1.69 hours
Occupied time: 1.69 hours
Occupied time: 1.70 hours
Occupied time: 1.70 hours
Occupied time: 1.71 hours
Occupied time: 1.71 hours
Occupied time: 1.72 hours
Occupied time: 1.72 hours
Occupied time: 1.73 hours
Occupied time: 1.73 hours
Occupied time: 1.74 hours
Occupied time: 1.74 hours
Occupied time: 1.75 hours
Occupied time: 1.75 hours
Occupied time: 1.75 hours
Occupied time: 1.76 hours
Occupied time: 1.76 hours
Occupied time: 1.77 hours
Occupied time: 1.77 hours
Occupied time: 1.78 hours
Occupied time: 1.78 hours
Occupied time: 1.79 hours
Occupied time: 1.79 hours
Occupied time: 1.80 hours
Occupied time: 1.80 hours
Occupied time: 1.80 hours
Occupied time: 1.81 hours
Occupied time: 1.81 hours
Occupied time: 1.82 hours
Occupied time: 1.82 hours
Occupied time: 1.83 hours
Occupied time: 1.83 hours
Occupied time: 1.84 hours
Occupied time: 1.84 hours
Occupied time: 1.85 hours
Occupied time: 1.85 hours
Occupied time: 1.85 hours
Occupied time: 1.86 hours
Occupied time: 1.86 hours
Occupied time: 1.87 hours
Occupied time: 1.87 hours
Occupied time: 1.88 hours
Occupied time: 1.88 hours
Occupied time: 1.89 hours
Occupied time: 1.89 hours
Occupied time: 1.90 hours
Occupied time: 1.90 hours
Occupied time: 1.91 hours
Occupied time: 1.91 hours
Occupied time: 1.91 hours
Occupied time: 1.92 hours
Occupied time: 1.92 hours
Occupied time: 1.93 hours
Occupied time: 1.93 hours
Occupied time: 1.94 hours
Occupied time: 1.94 hours
Occupied time: 1.95 hours
Occupied time: 1.95 hours
Occupied time: 1.96 hours
Occupied time: 1.96 hours
Occupied time: 1.96 hours
Occupied time: 1.97 hours
Occupied time: 1.97 hours
Occupied time: 1.98 hours
Occupied time: 1.98 hours
Occupied time: 1.99 hours
Occupied time: 1.99 hours
Occupied time: 2.00 hours
Occupied time: 2.00 hours
Occupied time: 2.01 hours
Occupied time: 2.01 hours
Occupied time: 2.02 hours
Occupied time: 2.02 hours
Occupied time: 2.02 hours
Occupied time: 2.03 hours
Occupied time: 2.03 hours
Occupied time: 2.04 hours
Occupied time: 2.04 hours
Occupied time: 2.05 hours
Occupied time: 2.05 hours
Occupied time: 2.06 hours
Occupied time: 2.06 hours
Occupied time: 2.07 hours
Occupied time: 2.07 hours
Occupied time: 2.07 hours
Occupied time: 2.08 hours
Occupied time: 2.08 hours
Occupied time: 2.09 hours
Occupied time: 2.09 hours
Occupied time: 2.10 hours
Occupied time: 2.10 hours
Occupied time: 2.11 hours
Occupied time: 2.11 hours
Occupied time: 2.12 hours
Occupied time: 2.12 hours
Occupied time: 2.12 hours
Occupied time: 2.13 hours
Occupied time: 2.13 hours
Occupied time: 2.14 hours
Occupied time: 2.14 hours
Occupied time: 2.15 hours
Occupied time: 2.15 hours
Occupied time: 2.16 hours
Occupied time: 2.16 hours
Occupied time: 2.17 hours
Occupied time: 2.17 hours
Occupied time: 2.17 hours
Occupied time: 2.18 hours
Occupied time: 2.18 hours
Occupied time: 2.19 hours
Occupied time: 2.19 hours
Occupied time: 2.20 hours
Occupied time: 2.20 hours
Occupied time: 2.21 hours
Occupied time: 2.21 hours
Occupied time: 2.22 hours
Occupied time: 2.22 hours
Occupied time: 2.22 hours
Occupied time: 2.23 hours
Occupied time: 2.23 hours
Occupied time: 2.24 hours
Occupied time: 2.24 hours
Occupied time: 2.25 hours
Occupied time: 2.25 hours
Occupied time: 2.26 hours
Occupied time: 2.26 hours
Occupied time: 2.27 hours
Occupied time: 2.27 hours
Occupied time: 2.28 hours
Occupied time: 2.28 hours
Occupied time: 2.28 hours
Occupied time: 2.29 hours
Occupied time: 2.29 hours
Occupied time: 2.30 hours
Occupied time: 2.30 hours
Occupied time: 2.31 hours
Occupied time: 2.31 hours
Occupied time: 2.32 hours
Occupied time: 2.32 hours
Occupied time: 2.33 hours
Occupied time: 2.33 hours
Occupied time: 2.33 hours
Occupied time: 2.34 hours
Occupied time: 2.34 hours
Occupied time: 2.35 hours
Occupied time: 2.35 hours
Occupied time: 2.36 hours
Occupied time: 2.36 hours
Occupied time: 2.37 hours
Occupied time: 2.37 hours
Occupied time: 2.38 hours
Occupied time: 2.38 hours
Occupied time: 2.38 hours
Occupied time: 2.39 hours
Occupied time: 2.39 hours
Occupied time: 2.40 hours
Occupied time: 2.40 hours
Occupied time: 2.41 hours
Occupied time: 2.41 hours
Occupied time: 2.42 hours
Occupied time: 2.42 hours
Occupied time: 2.43 hours
Occupied time: 2.43 hours
Occupied time: 2.44 hours
Occupied time: 2.44 hours
Occupied time: 2.44 hours
Occupied time: 2.45 hours
Occupied time: 2.45 hours
Occupied time: 2.46 hours
Occupied time: 2.46 hours
Occupied time: 2.47 hours
Occupied time: 2.47 hours
Occupied time: 2.48 hours
Occupied time: 2.48 hours
Occupied time: 2.49 hours
Occupied time: 2.49 hours
Occupied time: 2.49 hours
Occupied time: 2.50 hours
Occupied time: 2.50 hours
Occupied time: 2.51 hours
Occupied time: 2.51 hours
Occupied time: 2.52 hours
Occupied time: 2.52 hours
Occupied time: 2.53 hours
Occupied time: 2.53 hours
Occupied time: 2.54 hours
Occupied time: 2.54 hours
Occupied time: 2.54 hours
Occupied time: 2.55 hours
Occupied time: 2.55 hours
Occupied time: 2.56 hours
Occupied time: 2.56 hours
Occupied time: 2.57 hours
Occupied time: 2.57 hours
Occupied time: 2.58 hours
Occupied time: 2.58 hours
Occupied time: 2.59 hours
Occupied time: 2.59 hours
Occupied time: 2.60 hours
Occupied time: 2.60 hours
Occupied time: 2.60 hours
Occupied time: 2.61 hours
Occupied time: 2.61 hours
Occupied time: 2.62 hours
Occupied time: 2.62 hours
Occupied time: 2.63 hours
Occupied time: 2.63 hours
Occupied time: 2.64 hours
Occupied time: 2.64 hours
Occupied time: 2.65 hours
Occupied time: 2.65 hours
Occupied time: 2.66 hours
Occupied time: 2.66 hours
Occupied time: 2.66 hours
Occupied time: 2.67 hours
Occupied time: 2.67 hours
Occupied time: 2.68 hours
Occupied time: 2.68 hours
Occupied time: 2.69 hours
Occupied time: 2.69 hours
Occupied time: 2.70 hours
Occupied time: 2.70 hours
Occupied time: 2.71 hours
Occupied time: 2.71 hours
Occupied time: 2.71 hours
Occupied time: 2.72 hours
Occupied time: 2.72 hours
Occupied time: 2.73 hours
Occupied time: 2.73 hours
Occupied time: 2.74 hours
Occupied time: 2.74 hours
Occupied time: 2.75 hours
Occupied time: 2.75 hours
Occupied time: 2.76 hours
Occupied time: 2.76 hours
Occupied time: 2.76 hours
Occupied time: 2.77 hours
Occupied time: 2.77 hours
Occupied time: 2.78 hours
Occupied time: 2.78 hours
Occupied time: 2.79 hours
Occupied time: 2.79 hours
Occupied time: 2.80 hours
Occupied time: 2.80 hours
Occupied time: 2.81 hours
Occupied time: 2.81 hours
Occupied time: 2.82 hours
Occupied time: 2.82 hours
Occupied time: 2.82 hours
Occupied time: 2.83 hours
Occupied time: 2.83 hours
Occupied time: 2.84 hours
Occupied time: 2.84 hours
Occupied time: 2.85 hours
Occupied time: 2.85 hours
Occupied time: 2.86 hours
Occupied time: 2.86 hours
Occupied time: 2.87 hours
Occupied time: 2.87 hours
Occupied time: 2.88 hours
Occupied time: 2.88 hours
Occupied time: 2.88 hours
Occupied time: 2.89 hours
Occupied time: 2.89 hours
Occupied time: 2.90 hours
Occupied time: 2.90 hours
Occupied time: 2.91 hours
Occupied time: 2.91 hours
Occupied time: 2.92 hours
Occupied time: 2.92 hours
Occupied time: 2.93 hours
Occupied time: 2.93 hours
Occupied time: 2.93 hours
Occupied time: 2.94 hours
Occupied time: 2.94 hours
Occupied time: 2.95 hours
Occupied time: 2.95 hours
Occupied time: 2.96 hours
Occupied time: 2.96 hours
Occupied time: 2.97 hours
Occupied time: 2.97 hours
Occupied time: 2.98 hours
Occupied time: 2.98 hours
Occupied time: 2.99 hours
Occupied time: 2.99 hours
Occupied time: 2.99 hours
Occupied time: 3.00 hours
Occupied time: 3.00 hours
Occupied time: 3.01 hours
Occupied time: 3.01 hours
Occupied time: 3.02 hours
Occupied time: 3.02 hours
Occupied time: 3.03 hours
Occupied time: 3.03 hours
Occupied time: 3.04 hours
Occupied time: 3.04 hours
Occupied time: 3.04 hours
Occupied time: 3.05 hours
Occupied time: 3.05 hours
Occupied time: 3.06 hours
Occupied time: 3.06 hours
Occupied time: 3.07 hours
Occupied time: 3.07 hours
Occupied time: 3.08 hours
Occupied time: 3.08 hours
Occupied time: 3.09 hours
Occupied time: 3.09 hours
Occupied time: 3.10 hours
Occupied time: 3.10 hours
Occupied time: 3.10 hours
Occupied time: 3.11 hours
Occupied time: 3.11 hours
Occupied time: 3.12 hours
Occupied time: 3.12 hours
Occupied time: 3.13 hours
Occupied time: 3.13 hours
Occupied time: 3.14 hours
Occupied time: 3.14 hours
Occupied time: 3.15 hours
Occupied time: 3.15 hours
Occupied time: 3.15 hours
Occupied time: 3.16 hours
Occupied time: 3.16 hours
Occupied time: 3.17 hours
Occupied time: 3.17 hours
Occupied time: 3.18 hours
Occupied time: 3.18 hours
Occupied time: 3.19 hours
Occupied time: 3.19 hours
Occupied time: 3.20 hours
Occupied time: 3.20 hours
Occupied time: 3.21 hours
Occupied time: 3.21 hours
Occupied time: 3.21 hours
Occupied time: 3.22 hours
Occupied time: 3.22 hours
Occupied time: 3.23 hours
Occupied time: 3.23 hours
Occupied time: 3.24 hours
Occupied time: 3.24 hours
Occupied time: 3.25 hours
Occupied time: 3.25 hours
Occupied time: 3.26 hours
Occupied time: 3.26 hours
Occupied time: 3.26 hours
Occupied time: 3.27 hours
Occupied time: 3.27 hours
Occupied time: 3.28 hours
Occupied time: 3.28 hours
Occupied time: 3.29 hours
Occupied time: 3.29 hours
Occupied time: 3.30 hours
Occupied time: 3.30 hours
Occupied time: 3.31 hours
Occupied time: 3.31 hours
Occupied time: 3.31 hours
Occupied time: 3.32 hours
Occupied time: 3.32 hours
Occupied time: 3.33 hours
Occupied time: 3.33 hours
Occupied time: 3.34 hours
Occupied time: 3.34 hours
Occupied time: 3.35 hours
Occupied time: 3.35 hours
Occupied time: 3.36 hours
Occupied time: 3.36 hours
Occupied time: 3.36 hours
Occupied time: 3.37 hours
Occupied time: 3.37 hours
Occupied time: 3.38 hours
Occupied time: 3.38 hours
Occupied time: 3.39 hours
Occupied time: 3.39 hours
Occupied time: 3.40 hours
Occupied time: 3.40 hours
Occupied time: 3.41 hours
Occupied time: 3.41 hours
Occupied time: 3.41 hours
Occupied time: 3.42 hours
Occupied time: 3.42 hours
Occupied time: 3.43 hours
Occupied time: 3.43 hours
Occupied time: 3.44 hours
Occupied time: 3.44 hours
Occupied time: 3.45 hours
Occupied time: 3.45 hours
Occupied time: 3.46 hours
Occupied time: 3.46 hours
Occupied time: 3.46 hours
Occupied time: 3.47 hours
Occupied time: 3.47 hours
Occupied time: 3.48 hours
Occupied time: 3.48 hours
Occupied time: 3.49 hours
Occupied time: 3.49 hours
Occupied time: 3.50 hours
Occupied time: 3.50 hours
Occupied time: 3.51 hours
Occupied time: 3.51 hours
Occupied time: 3.52 hours
Occupied time: 3.52 hours
Occupied time: 3.52 hours
Occupied time: 3.53 hours
Occupied time: 3.53 hours
Occupied time: 3.54 hours
Occupied time: 3.54 hours
Occupied time: 3.55 hours
Occupied time: 3.55 hours
Occupied time: 3.56 hours
Occupied time: 3.56 hours
Occupied time: 3.57 hours
Occupied time: 3.57 hours
Occupied time: 3.57 hours
Occupied time: 3.58 hours
Occupied time: 3.58 hours
Occupied time: 3.59 hours
Occupied time: 3.59 hours
Occupied time: 3.60 hours
Occupied time: 3.60 hours
Occupied time: 3.61 hours
Occupied time: 3.61 hours
Occupied time: 3.62 hours
Occupied time: 3.62 hours
Occupied time: 3.62 hours
Occupied time: 3.63 hours
Occupied time: 3.63 hours
Occupied time: 3.64 hours
Occupied time: 3.64 hours
Occupied time: 3.65 hours
Occupied time: 3.65 hours
Occupied time: 3.66 hours
Occupied time: 3.66 hours
Occupied time: 3.67 hours
Occupied time: 3.67 hours
Occupied time: 3.68 hours
Occupied time: 3.68 hours
Occupied time: 3.68 hours
Occupied time: 3.69 hours
Occupied time: 3.69 hours
Occupied time: 3.70 hours
Occupied time: 3.70 hours
Occupied time: 3.71 hours
Occupied time: 3.71 hours
Occupied time: 3.72 hours
Occupied time: 3.72 hours
Occupied time: 3.73 hours
Occupied time: 3.73 hours
Occupied time: 3.74 hours
Occupied time: 3.74 hours
Occupied time: 3.74 hours
Occupied time: 3.75 hours
Occupied time: 3.75 hours
Occupied time: 3.76 hours
Occupied time: 3.76 hours
Occupied time: 3.77 hours
Occupied time: 3.77 hours
Occupied time: 3.78 hours
Occupied time: 3.78 hours
Occupied time: 3.79 hours
Occupied time: 3.79 hours
Occupied time: 3.79 hours
Occupied time: 3.80 hours
Occupied time: 3.80 hours
Occupied time: 3.81 hours
Occupied time: 3.81 hours
Occupied time: 3.82 hours
Occupied time: 3.82 hours
Occupied time: 3.83 hours
Occupied time: 3.83 hours
Occupied time: 3.84 hours
Occupied time: 3.84 hours
Occupied time: 3.84 hours
Occupied time: 3.85 hours
Occupied time: 3.85 hours
Occupied time: 3.86 hours
Occupied time: 3.86 hours
Occupied time: 3.87 hours
Occupied time: 3.87 hours
Occupied time: 3.88 hours
Occupied time: 3.88 hours
Occupied time: 3.89 hours
Occupied time: 3.89 hours
Occupied time: 3.90 hours
Occupied time: 3.90 hours
Occupied time: 3.90 hours
Occupied time: 3.91 hours
Occupied time: 3.91 hours
Occupied time: 3.92 hours
Occupied time: 3.92 hours
Occupied time: 3.93 hours
Occupied time: 3.93 hours
Occupied time: 3.94 hours
Occupied time: 3.94 hours
Occupied time: 3.95 hours
Occupied time: 3.95 hours
Occupied time: 3.96 hours
Occupied time: 3.96 hours
Occupied time: 3.96 hours
Occupied time: 3.97 hours
Occupied time: 3.97 hours
Occupied time: 3.98 hours
Occupied time: 3.98 hours
Occupied time: 3.99 hours
Occupied time: 3.99 hours
Occupied time: 4.00 hours
Occupied time: 4.00 hours
Occupied time: 4.01 hours
Occupied time: 4.01 hours
Occupied time: 4.01 hours
Occupied time: 4.02 hours
Occupied time: 4.02 hours
Occupied time: 4.03 hours
Occupied time: 4.03 hours
Occupied time: 4.04 hours
Occupied time: 4.04 hours
Occupied time: 4.05 hours
Occupied time: 4.05 hours
Occupied time: 4.06 hours
Occupied time: 4.06 hours
Occupied time: 4.07 hours
Occupied time: 4.07 hours
Occupied time: 4.07 hours
Occupied time: 4.08 hours
Occupied time: 4.08 hours
Occupied time: 4.09 hours
Occupied time: 4.09 hours
Occupied time: 4.10 hours
Occupied time: 4.10 hours
Occupied time: 4.11 hours
Occupied time: 4.11 hours
Occupied time: 4.12 hours
Occupied time: 4.12 hours
Occupied time: 4.13 hours
Occupied time: 4.13 hours
Occupied time: 4.14 hours
Occupied time: 4.14 hours
Occupied time: 4.14 hours
Occupied time: 4.15 hours
Occupied time: 4.15 hours
Occupied time: 4.16 hours
Occupied time: 4.16 hours
Occupied time: 4.17 hours
Occupied time: 4.17 hours
Occupied time: 4.18 hours
Occupied time: 4.18 hours
Occupied time: 4.19 hours
Occupied time: 4.19 hours
Occupied time: 4.19 hours
Occupied time: 4.20 hours
Occupied time: 4.20 hours
Occupied time: 4.21 hours
Occupied time: 4.21 hours
Occupied time: 4.22 hours
Occupied time: 4.22 hours
Occupied time: 4.23 hours
Occupied time: 4.23 hours
Occupied time: 4.24 hours
Occupied time: 4.24 hours
Occupied time: 4.25 hours
Occupied time: 4.25 hours
Occupied time: 4.25 hours
Occupied time: 4.26 hours
Occupied time: 4.26 hours
Occupied time: 4.27 hours
Occupied time: 4.27 hours
Occupied time: 4.28 hours
Occupied time: 4.28 hours
Occupied time: 4.29 hours
Occupied time: 4.29 hours
Occupied time: 4.30 hours
Occupied time: 4.30 hours
Occupied time: 4.30 hours
Occupied time: 4.31 hours
Occupied time: 4.31 hours
Occupied time: 4.32 hours
Occupied time: 4.32 hours
Occupied time: 4.33 hours
Occupied time: 4.33 hours
Occupied time: 4.34 hours
Occupied time: 4.34 hours
Occupied time: 4.35 hours
Occupied time: 4.35 hours
Occupied time: 4.35 hours
Occupied time: 4.36 hours
Occupied time: 4.36 hours
Occupied time: 4.37 hours
Occupied time: 4.37 hours
Occupied time: 4.38 hours
Occupied time: 4.38 hours
Occupied time: 4.39 hours
Occupied time: 4.39 hours
Occupied time: 4.40 hours
Occupied time: 4.40 hours
Occupied time: 4.40 hours
Occupied time: 4.41 hours
Occupied time: 4.41 hours
Occupied time: 4.42 hours
Occupied time: 4.42 hours
Occupied time: 4.43 hours
Occupied time: 4.43 hours
Occupied time: 4.44 hours
Occupied time: 4.44 hours
Occupied time: 4.45 hours
Occupied time: 4.45 hours
Occupied time: 4.46 hours
Occupied time: 4.46 hours
Occupied time: 4.46 hours
Occupied time: 4.47 hours
Occupied time: 4.47 hours
Occupied time: 4.48 hours
Occupied time: 4.48 hours
Occupied time: 4.49 hours
Occupied time: 4.49 hours
Occupied time: 4.50 hours
Occupied time: 4.50 hours
Occupied time: 4.51 hours
Occupied time: 4.51 hours
Occupied time: 4.52 hours
Occupied time: 4.52 hours
Occupied time: 4.52 hours
Occupied time: 4.53 hours
Occupied time: 4.53 hours
Occupied time: 4.54 hours
Occupied time: 4.54 hours
Occupied time: 4.55 hours
Occupied time: 4.55 hours
Occupied time: 4.56 hours
Occupied time: 4.56 hours
Occupied time: 4.57 hours
Occupied time: 4.57 hours
Occupied time: 4.57 hours
Occupied time: 4.58 hours
Occupied time: 4.58 hours
Occupied time: 4.59 hours
Occupied time: 4.59 hours
Occupied time: 4.60 hours
Occupied time: 4.60 hours
Occupied time: 4.61 hours
Occupied time: 4.61 hours
Occupied time: 4.62 hours
Occupied time: 4.62 hours
Occupied time: 4.62 hours
Occupied time: 4.63 hours
Occupied time: 4.63 hours
Occupied time: 4.64 hours
Occupied time: 4.64 hours
Occupied time: 4.65 hours
Occupied time: 4.65 hours
Occupied time: 4.66 hours
Occupied time: 4.66 hours
Occupied time: 4.67 hours
Occupied time: 4.67 hours
Occupied time: 4.68 hours
Occupied time: 4.68 hours
Occupied time: 4.68 hours
Occupied time: 4.69 hours
Occupied time: 4.69 hours
Occupied time: 4.70 hours
Occupied time: 4.70 hours
Occupied time: 4.71 hours
Occupied time: 4.71 hours
Occupied time: 4.72 hours
Occupied time: 4.72 hours
Occupied time: 4.73 hours
Occupied time: 4.73 hours
Occupied time: 4.74 hours
Occupied time: 4.74 hours
Occupied time: 4.75 hours
Occupied time: 4.75 hours
Occupied time: 4.75 hours
Occupied time: 4.76 hours
Occupied time: 4.76 hours
Occupied time: 4.77 hours
Occupied time: 4.77 hours
Occupied time: 4.78 hours
Occupied time: 4.78 hours
Occupied time: 4.79 hours
Occupied time: 4.79 hours
Occupied time: 4.80 hours
Occupied time: 4.80 hours
Occupied time: 4.80 hours
Occupied time: 4.81 hours
Occupied time: 4.81 hours
Occupied time: 4.82 hours
Occupied time: 4.82 hours
Occupied time: 4.83 hours
Occupied time: 4.83 hours
Occupied time: 4.84 hours
Occupied time: 4.84 hours
Occupied time: 4.85 hours
Occupied time: 4.85 hours
Occupied time: 4.86 hours
Occupied time: 4.86 hours
Occupied time: 4.86 hours
Occupied time: 4.87 hours
Occupied time: 4.87 hours
Occupied time: 4.88 hours
Occupied time: 4.88 hours
Occupied time: 4.89 hours
Occupied time: 4.89 hours
Occupied time: 4.90 hours
Occupied time: 4.90 hours
Occupied time: 4.91 hours
Occupied time: 4.91 hours
Occupied time: 4.92 hours
Occupied time: 4.92 hours
Occupied time: 4.92 hours
Occupied time: 4.93 hours
Occupied time: 4.93 hours
Occupied time: 4.94 hours
Occupied time: 4.94 hours
Occupied time: 4.95 hours
Occupied time: 4.95 hours
Occupied time: 4.96 hours
Occupied time: 4.96 hours
Occupied time: 4.97 hours
Occupied time: 4.97 hours
Occupied time: 4.97 hours
Occupied time: 4.98 hours
Occupied time: 4.98 hours
Occupied time: 4.99 hours
Occupied time: 4.99 hours
Occupied time: 5.00 hours
Occupied time: 5.00 hours
Occupied time: 5.01 hours
Occupied time: 5.01 hours
Occupied time: 5.02 hours
Occupied time: 5.02 hours
Occupied time: 5.02 hours
Occupied time: 5.03 hours
Occupied time: 5.03 hours
Occupied time: 5.04 hours
Occupied time: 5.04 hours
Occupied time: 5.05 hours
Occupied time: 5.05 hours
Occupied time: 5.06 hours
Occupied time: 5.06 hours
Occupied time: 5.07 hours
Occupied time: 5.07 hours
Occupied time: 5.07 hours
Occupied time: 5.08 hours
Occupied time: 5.08 hours
Occupied time: 5.09 hours
Occupied time: 5.09 hours
Occupied time: 5.10 hours
Occupied time: 5.10 hours
Occupied time: 5.11 hours
Occupied time: 5.11 hours
Occupied time: 5.12 hours
Occupied time: 5.12 hours
Occupied time: 5.12 hours
Occupied time: 5.13 hours
Occupied time: 5.13 hours
Occupied time: 5.14 hours
Occupied time: 5.14 hours
Occupied time: 5.15 hours
Occupied time: 5.15 hours
Occupied time: 5.16 hours
Occupied time: 5.16 hours
Occupied time: 5.17 hours
Occupied time: 5.17 hours
Occupied time: 5.18 hours
Occupied time: 5.18 hours
Occupied time: 5.18 hours
Occupied time: 5.19 hours
Occupied time: 5.19 hours
Occupied time: 5.20 hours
Occupied time: 5.20 hours
Occupied time: 5.21 hours
Occupied time: 5.21 hours
Occupied time: 5.22 hours
Occupied time: 5.22 hours
Occupied time: 5.23 hours
Occupied time: 5.23 hours
Occupied time: 5.23 hours
Occupied time: 5.24 hours
Occupied time: 5.24 hours
Occupied time: 5.25 hours
Occupied time: 5.25 hours
Occupied time: 5.26 hours
Occupied time: 5.26 hours
Occupied time: 5.27 hours
Occupied time: 5.27 hours
Occupied time: 5.28 hours
Occupied time: 5.28 hours
Occupied time: 5.29 hours
Occupied time: 5.29 hours
Occupied time: 5.29 hours
Occupied time: 5.30 hours
Occupied time: 5.30 hours
Occupied time: 5.31 hours
Occupied time: 5.31 hours
Occupied time: 5.32 hours
Occupied time: 5.32 hours
Occupied time: 5.33 hours
Occupied time: 5.33 hours
Occupied time: 5.34 hours
Occupied time: 5.34 hours
Occupied time: 5.35 hours
Occupied time: 5.35 hours
Occupied time: 5.35 hours
Occupied time: 5.36 hours
Occupied time: 5.36 hours
Occupied time: 5.37 hours
Occupied time: 5.37 hours
Occupied time: 5.38 hours
Occupied time: 5.38 hours
Occupied time: 5.39 hours
Occupied time: 5.39 hours
Occupied time: 5.40 hours
Occupied time: 5.40 hours
Occupied time: 5.40 hours
Occupied time: 5.41 hours
Occupied time: 5.41 hours
Occupied time: 5.42 hours
Occupied time: 5.42 hours
Occupied time: 5.43 hours
Occupied time: 5.43 hours
Occupied time: 5.44 hours
Occupied time: 5.44 hours
Occupied time: 5.45 hours
Occupied time: 5.45 hours
Occupied time: 5.46 hours
Occupied time: 5.46 hours
Occupied time: 5.46 hours
Occupied time: 5.47 hours
Occupied time: 5.47 hours
Occupied time: 5.48 hours
Occupied time: 5.48 hours
Occupied time: 5.49 hours
Occupied time: 5.49 hours
Occupied time: 5.50 hours
Occupied time: 5.50 hours
Occupied time: 5.51 hours
Occupied time: 5.51 hours
Occupied time: 5.51 hours
Occupied time: 5.52 hours
Occupied time: 5.52 hours
Occupied time: 5.53 hours
Occupied time: 5.53 hours
Occupied time: 5.54 hours
Occupied time: 5.54 hours
Occupied time: 5.55 hours
Occupied time: 5.55 hours
Occupied time: 5.56 hours
Occupied time: 5.56 hours
Occupied time: 5.57 hours
Occupied time: 5.57 hours
Occupied time: 5.57 hours
Occupied time: 5.58 hours
Occupied time: 5.58 hours
Occupied time: 5.59 hours
Occupied time: 5.59 hours
Occupied time: 5.60 hours
Occupied time: 5.60 hours
Occupied time: 5.61 hours
Occupied time: 5.61 hours
Occupied time: 5.62 hours
Occupied time: 5.62 hours
Occupied time: 5.62 hours
Occupied time: 5.63 hours
Occupied time: 5.63 hours
Occupied time: 5.64 hours
Occupied time: 5.64 hours
Occupied time: 5.65 hours
Occupied time: 5.65 hours
Occupied time: 5.66 hours
Occupied time: 5.66 hours
Occupied time: 5.67 hours
Occupied time: 5.67 hours
Occupied time: 5.68 hours
Occupied time: 5.68 hours
Occupied time: 5.68 hours
Occupied time: 5.69 hours
Occupied time: 5.69 hours
Occupied time: 5.70 hours
Occupied time: 5.70 hours
Occupied time: 5.71 hours
Occupied time: 5.71 hours
Occupied time: 5.72 hours
Occupied time: 5.72 hours
Occupied time: 5.73 hours
Occupied time: 5.73 hours
Occupied time: 5.74 hours
Occupied time: 5.74 hours
Occupied time: 5.74 hours
Occupied time: 5.75 hours
Occupied time: 5.75 hours
Occupied time: 5.76 hours
Occupied time: 5.76 hours
Occupied time: 5.77 hours
Occupied time: 5.77 hours
Occupied time: 5.78 hours
Occupied time: 5.78 hours
Occupied time: 5.79 hours
Occupied time: 5.79 hours
Occupied time: 5.79 hours
Occupied time: 5.80 hours
Occupied time: 5.80 hours
Occupied time: 5.81 hours
Occupied time: 5.81 hours
Occupied time: 5.82 hours
Occupied time: 5.82 hours
Occupied time: 5.83 hours
Occupied time: 5.83 hours
Occupied time: 5.84 hours
Occupied time: 5.84 hours
Occupied time: 5.85 hours
Occupied time: 5.85 hours
Occupied time: 5.85 hours
Occupied time: 5.86 hours
Occupied time: 5.86 hours
Occupied time: 5.87 hours
Occupied time: 5.87 hours
Occupied time: 5.88 hours
Occupied time: 5.88 hours
Occupied time: 5.89 hours
Occupied time: 5.89 hours
Occupied time: 5.90 hours
Occupied time: 5.90 hours
Occupied time: 5.90 hours
Occupied time: 5.91 hours
Occupied time: 5.91 hours
Occupied time: 5.92 hours
Occupied time: 5.92 hours
Occupied time: 5.93 hours
Occupied time: 5.93 hours
Occupied time: 5.94 hours
Occupied time: 5.94 hours
Occupied time: 5.95 hours
Occupied time: 5.95 hours
Occupied time: 5.96 hours
Occupied time: 5.96 hours
Occupied time: 5.96 hours
Occupied time: 5.97 hours
Occupied time: 5.97 hours
Occupied time: 5.98 hours
Occupied time: 5.98 hours
Occupied time: 5.99 hours
Occupied time: 5.99 hours
Occupied time: 6.00 hours
Occupied time: 6.00 hours
Occupied time: 6.01 hours
Occupied time: 6.01 hours
Occupied time: 6.01 hours
Occupied time: 6.02 hours
Occupied time: 6.02 hours
Occupied time: 6.03 hours
Occupied time: 6.03 hours
Occupied time: 6.04 hours
Occupied time: 6.04 hours
Occupied time: 6.05 hours
Occupied time: 6.05 hours
Occupied time: 6.06 hours
Occupied time: 6.06 hours
Occupied time: 6.07 hours
Occupied time: 6.07 hours
Occupied time: 6.07 hours
Occupied time: 6.08 hours
Occupied time: 6.08 hours
Occupied time: 6.09 hours
Occupied time: 6.09 hours
Occupied time: 6.10 hours
Occupied time: 6.10 hours
Occupied time: 6.11 hours
Occupied time: 6.11 hours
Occupied time: 6.12 hours
Occupied time: 6.12 hours
Occupied time: 6.12 hours
Occupied time: 6.13 hours
Occupied time: 6.13 hours
Occupied time: 6.14 hours
Occupied time: 6.14 hours
Occupied time: 6.15 hours
Occupied time: 6.15 hours
Occupied time: 6.16 hours
Occupied time: 6.16 hours
Occupied time: 6.17 hours
Occupied time: 6.17 hours
Occupied time: 6.18 hours
Occupied time: 6.18 hours
Occupied time: 6.18 hours
Occupied time: 6.19 hours
Occupied time: 6.19 hours
Occupied time: 6.20 hours
Occupied time: 6.20 hours
Occupied time: 6.21 hours
Occupied time: 6.21 hours
Occupied time: 6.22 hours
Occupied time: 6.22 hours
Occupied time: 6.23 hours
Occupied time: 6.23 hours
Occupied time: 6.23 hours
Occupied time: 6.24 hours
Occupied time: 6.24 hours
Occupied time: 6.25 hours
Occupied time: 6.25 hours
Occupied time: 6.26 hours
Occupied time: 6.26 hours
Occupied time: 6.27 hours
Occupied time: 6.27 hours
Occupied time: 6.28 hours
Occupied time: 6.28 hours
Occupied time: 6.28 hours
Occupied time: 6.29 hours
Occupied time: 6.29 hours
Occupied time: 6.30 hours
Occupied time: 6.30 hours
Occupied time: 6.31 hours
Occupied time: 6.31 hours
Occupied time: 6.32 hours
Occupied time: 6.32 hours
Occupied time: 6.33 hours
Occupied time: 6.33 hours
Occupied time: 6.34 hours
Occupied time: 6.34 hours
Occupied time: 6.34 hours
Occupied time: 6.35 hours
Occupied time: 6.35 hours
Occupied time: 6.36 hours
Occupied time: 6.36 hours
Occupied time: 6.37 hours
Occupied time: 6.37 hours
Occupied time: 6.38 hours
Occupied time: 6.38 hours
Occupied time: 6.39 hours
Occupied time: 6.39 hours
Occupied time: 6.40 hours
Occupied time: 6.40 hours
Occupied time: 6.40 hours
Occupied time: 6.41 hours
Occupied time: 6.41 hours
Occupied time: 6.42 hours
Occupied time: 6.42 hours
Occupied time: 6.43 hours
Occupied time: 6.43 hours
Occupied time: 6.44 hours
Occupied time: 6.44 hours
Occupied time: 6.45 hours
Occupied time: 6.45 hours
Occupied time: 6.45 hours
Occupied time: 6.46 hours
Occupied time: 6.46 hours
Occupied time: 6.47 hours
Occupied time: 6.47 hours
Occupied time: 6.48 hours
Occupied time: 6.48 hours
Occupied time: 6.49 hours
Occupied time: 6.49 hours
Occupied time: 6.50 hours
Occupied time: 6.50 hours
Occupied time: 6.51 hours
Occupied time: 6.51 hours
Occupied time: 6.51 hours
Occupied time: 6.52 hours
Occupied time: 6.52 hours
Occupied time: 6.53 hours
Occupied time: 6.53 hours
Occupied time: 6.54 hours
Occupied time: 6.54 hours
Occupied time: 6.55 hours
Occupied time: 6.55 hours
Occupied time: 6.56 hours
Occupied time: 6.56 hours
Occupied time: 6.56 hours
Occupied time: 6.57 hours
Occupied time: 6.57 hours
Occupied time: 6.58 hours
Occupied time: 6.58 hours
Occupied time: 6.59 hours
Occupied time: 6.59 hours
Occupied time: 6.60 hours
Occupied time: 6.60 hours
Occupied time: 6.61 hours
Occupied time: 6.61 hours
Occupied time: 6.61 hours
Occupied time: 6.62 hours
Occupied time: 6.62 hours
Occupied time: 6.63 hours
Occupied time: 6.63 hours
Occupied time: 6.64 hours
Occupied time: 6.64 hours
Occupied time: 6.65 hours
Occupied time: 6.65 hours
Occupied time: 6.66 hours
Occupied time: 6.66 hours
Occupied time: 6.67 hours
Occupied time: 6.67 hours
Occupied time: 6.67 hours
Occupied time: 6.68 hours
Occupied time: 6.68 hours
Occupied time: 6.69 hours
Occupied time: 6.69 hours
Occupied time: 6.70 hours
Occupied time: 6.70 hours
Occupied time: 6.71 hours
Occupied time: 6.71 hours
Occupied time: 6.72 hours
Occupied time: 6.72 hours
Occupied time: 6.72 hours
Occupied time: 6.73 hours
Occupied time: 6.73 hours
Occupied time: 6.74 hours
Occupied time: 6.74 hours
Occupied time: 6.75 hours
Occupied time: 6.75 hours
Occupied time: 6.76 hours
Occupied time: 6.76 hours
Occupied time: 6.77 hours
Occupied time: 6.77 hours
Occupied time: 6.77 hours
Occupied time: 6.78 hours
Occupied time: 6.78 hours
Occupied time: 6.79 hours
Occupied time: 6.79 hours
Occupied time: 6.80 hours
Occupied time: 6.80 hours
Occupied time: 6.81 hours
Occupied time: 6.81 hours
Occupied time: 6.82 hours
Occupied time: 6.82 hours
Occupied time: 6.82 hours
Occupied time: 6.83 hours
Occupied time: 6.83 hours
Occupied time: 6.84 hours
Occupied time: 6.84 hours
Occupied time: 6.85 hours
Occupied time: 6.85 hours
Occupied time: 6.86 hours
Occupied time: 6.86 hours
Occupied time: 6.87 hours
Occupied time: 6.87 hours
Occupied time: 6.88 hours
Occupied time: 6.88 hours
Occupied time: 6.88 hours
Occupied time: 6.89 hours
Occupied time: 6.89 hours
Occupied time: 6.90 hours
Occupied time: 6.90 hours
Occupied time: 6.91 hours
Occupied time: 6.91 hours
Occupied time: 6.92 hours
Occupied time: 6.92 hours
Occupied time: 6.93 hours
Occupied time: 6.93 hours
Occupied time: 6.94 hours
Occupied time: 6.94 hours
Occupied time: 6.94 hours
Occupied time: 6.95 hours
Occupied time: 6.95 hours
Occupied time: 6.96 hours
Occupied time: 6.96 hours
Occupied time: 6.97 hours
Occupied time: 6.97 hours
Occupied time: 6.98 hours
Occupied time: 6.98 hours
Occupied time: 6.99 hours
Occupied time: 6.99 hours
Occupied time: 6.99 hours
Occupied time: 7.00 hours
Occupied time: 7.00 hours
Occupied time: 7.01 hours
Occupied time: 7.01 hours
Occupied time: 7.02 hours
Occupied time: 7.02 hours
Occupied time: 7.03 hours
Occupied time: 7.03 hours
Occupied time: 7.04 hours
Occupied time: 7.04 hours
Occupied time: 7.04 hours
Occupied time: 7.05 hours
Occupied time: 7.05 hours
Occupied time: 7.06 hours
Occupied time: 7.06 hours
Occupied time: 7.07 hours
Occupied time: 7.07 hours
Occupied time: 7.08 hours
Occupied time: 7.08 hours
Occupied time: 7.09 hours
Occupied time: 7.09 hours
Occupied time: 7.10 hours
Occupied time: 7.10 hours
Occupied time: 7.10 hours
Occupied time: 7.11 hours
Occupied time: 7.11 hours
Occupied time: 7.12 hours
Occupied time: 7.12 hours
Occupied time: 7.13 hours
Occupied time: 7.13 hours
Occupied time: 7.14 hours
Occupied time: 7.14 hours
Occupied time: 7.15 hours
Occupied time: 7.15 hours
Occupied time: 7.15 hours
Occupied time: 7.16 hours
Occupied time: 7.16 hours
Occupied time: 7.17 hours
Occupied time: 7.17 hours
Occupied time: 7.18 hours
Occupied time: 7.18 hours
Occupied time: 7.19 hours
Occupied time: 7.19 hours
Occupied time: 7.20 hours
Occupied time: 7.20 hours
Occupied time: 7.20 hours
Occupied time: 7.21 hours
Occupied time: 7.21 hours
Occupied time: 7.22 hours
Occupied time: 7.22 hours
Occupied time: 7.23 hours
Occupied time: 7.23 hours
Occupied time: 7.24 hours
Occupied time: 7.24 hours
Occupied time: 7.25 hours
Occupied time: 7.25 hours
Occupied time: 7.26 hours
Occupied time: 7.26 hours
Occupied time: 7.26 hours
Occupied time: 7.27 hours
Occupied time: 7.27 hours
Occupied time: 7.28 hours
Occupied time: 7.28 hours
Occupied time: 7.29 hours
Occupied time: 7.29 hours
Occupied time: 7.30 hours
Occupied time: 7.30 hours
Occupied time: 7.31 hours
Occupied time: 7.31 hours
Occupied time: 7.32 hours
Occupied time: 7.32 hours
Occupied time: 7.32 hours
Occupied time: 7.33 hours
Occupied time: 7.33 hours
Occupied time: 7.34 hours
Occupied time: 7.34 hours
Occupied time: 7.35 hours
Occupied time: 7.35 hours
Occupied time: 7.36 hours
Occupied time: 7.36 hours
Occupied time: 7.37 hours
Occupied time: 7.37 hours
Occupied time: 7.37 hours
Occupied time: 7.38 hours
Occupied time: 7.38 hours
Occupied time: 7.39 hours
Occupied time: 7.39 hours
Occupied time: 7.40 hours
Occupied time: 7.40 hours
Occupied time: 7.41 hours
Occupied time: 7.41 hours
Occupied time: 7.42 hours
Occupied time: 7.42 hours
Occupied time: 7.42 hours
Occupied time: 7.43 hours
Occupied time: 7.43 hours
Occupied time: 7.44 hours
Occupied time: 7.44 hours
Occupied time: 7.45 hours
Occupied time: 7.45 hours
Occupied time: 7.46 hours
Occupied time: 7.46 hours
Occupied time: 7.47 hours
Occupied time: 7.47 hours
Occupied time: 7.47 hours
Occupied time: 7.48 hours
Occupied time: 7.48 hours
Occupied time: 7.49 hours
Occupied time: 7.49 hours
Occupied time: 7.50 hours
Occupied time: 7.50 hours
Occupied time: 7.51 hours
Occupied time: 7.51 hours
Occupied time: 7.52 hours
Occupied time: 7.52 hours
Occupied time: 7.53 hours
Occupied time: 7.53 hours
Occupied time: 7.53 hours
Occupied time: 7.54 hours
Occupied time: 7.54 hours
Occupied time: 7.55 hours
Occupied time: 7.55 hours
Occupied time: 7.56 hours
Occupied time: 7.56 hours
Occupied time: 7.57 hours
Occupied time: 7.57 hours
Occupied time: 7.58 hours
Occupied time: 7.58 hours
Occupied time: 7.58 hours
Occupied time: 7.59 hours
Occupied time: 7.59 hours
Occupied time: 7.60 hours
Occupied time: 7.60 hours
Occupied time: 7.61 hours
Occupied time: 7.61 hours
Occupied time: 7.62 hours
Occupied time: 7.62 hours
Occupied time: 7.63 hours
Occupied time: 7.63 hours
Occupied time: 7.64 hours
Occupied time: 7.64 hours
Occupied time: 7.64 hours
Occupied time: 7.65 hours
Occupied time: 7.65 hours
Occupied time: 7.66 hours
Occupied time: 7.66 hours
Occupied time: 7.67 hours
Occupied time: 7.67 hours
Occupied time: 7.68 hours
Occupied time: 7.68 hours
Occupied time: 7.69 hours
Occupied time: 7.69 hours
Occupied time: 7.69 hours
Occupied time: 7.70 hours
Occupied time: 7.70 hours
Occupied time: 7.71 hours
Occupied time: 7.71 hours
Occupied time: 7.72 hours
Occupied time: 7.72 hours
Occupied time: 7.73 hours
Occupied time: 7.73 hours
Occupied time: 7.74 hours
Occupied time: 7.74 hours
Occupied time: 7.74 hours
Occupied time: 7.75 hours
Occupied time: 7.75 hours
Occupied time: 7.76 hours
Occupied time: 7.76 hours
Occupied time: 7.77 hours
Occupied time: 7.77 hours
Occupied time: 7.78 hours
Occupied time: 7.78 hours
Occupied time: 7.79 hours
Occupied time: 7.79 hours
Occupied time: 7.80 hours
Occupied time: 7.80 hours
Occupied time: 7.80 hours
Occupied time: 7.81 hours
Occupied time: 7.81 hours
Occupied time: 7.82 hours
Occupied time: 7.82 hours
Occupied time: 7.83 hours
Occupied time: 7.83 hours
Occupied time: 7.84 hours
Occupied time: 7.84 hours
Occupied time: 7.85 hours
Occupied time: 7.85 hours
Occupied time: 7.85 hours
Occupied time: 7.86 hours
Occupied time: 7.86 hours
Occupied time: 7.87 hours
Occupied time: 7.87 hours
Occupied time: 7.88 hours
Occupied time: 7.88 hours
Occupied time: 7.89 hours
Occupied time: 7.89 hours
Occupied time: 7.90 hours
Occupied time: 7.90 hours
Occupied time: 7.91 hours
Occupied time: 7.91 hours
Occupied time: 7.91 hours
Occupied time: 7.92 hours
Occupied time: 7.92 hours
Occupied time: 7.93 hours
Occupied time: 7.93 hours
Occupied time: 7.94 hours
Occupied time: 7.94 hours
Occupied time: 7.95 hours
Occupied time: 7.95 hours
Occupied time: 7.96 hours
Occupied time: 7.96 hours
Occupied time: 7.96 hours
Occupied time: 7.97 hours
Occupied time: 7.97 hours
Occupied time: 7.98 hours
Occupied time: 7.98 hours
Occupied time: 7.99 hours
Occupied time: 7.99 hours
Occupied time: 8.00 hours
Occupied time: 8.00 hours
Occupied time: 8.01 hours
Occupied time: 8.01 hours
Occupied time: 8.01 hours
Occupied time: 8.02 hours
Occupied time: 8.02 hours
Occupied time: 8.03 hours
Occupied time: 8.03 hours
Occupied time: 8.04 hours
Occupied time: 8.04 hours
Occupied time: 8.05 hours
Occupied time: 8.05 hours
Occupied time: 8.06 hours
Occupied time: 8.06 hours
Occupied time: 8.07 hours
Occupied time: 8.07 hours
Occupied time: 8.07 hours
Occupied time: 8.08 hours
Occupied time: 8.08 hours
Occupied time: 8.09 hours
Occupied time: 8.09 hours
Occupied time: 8.10 hours
Occupied time: 8.10 hours
Occupied time: 8.11 hours
Occupied time: 8.11 hours
Occupied time: 8.12 hours
Occupied time: 8.12 hours
Occupied time: 8.12 hours
Occupied time: 8.13 hours
Occupied time: 8.13 hours
Occupied time: 8.14 hours
Occupied time: 8.14 hours
Occupied time: 8.15 hours
Occupied time: 8.15 hours
Occupied time: 8.16 hours
Occupied time: 8.16 hours
Occupied time: 8.17 hours
Occupied time: 8.17 hours
Occupied time: 8.17 hours
Occupied time: 8.18 hours
Occupied time: 8.18 hours
Occupied time: 8.19 hours
Occupied time: 8.19 hours
Occupied time: 8.20 hours
Occupied time: 8.20 hours
Occupied time: 8.21 hours
Occupied time: 8.21 hours
Occupied time: 8.22 hours
Occupied time: 8.22 hours
Occupied time: 8.22 hours
Occupied time: 8.23 hours
Occupied time: 8.23 hours
Occupied time: 8.24 hours
Occupied time: 8.24 hours
Occupied time: 8.25 hours
Occupied time: 8.25 hours
Occupied time: 8.26 hours
Occupied time: 8.26 hours
Occupied time: 8.27 hours
Occupied time: 8.27 hours
Occupied time: 8.28 hours
Occupied time: 8.28 hours
Occupied time: 8.28 hours
Occupied time: 8.29 hours
Occupied time: 8.29 hours
Occupied time: 8.30 hours
Occupied time: 8.30 hours
Occupied time: 8.31 hours
Occupied time: 8.31 hours
Occupied time: 8.32 hours
Occupied time: 8.32 hours
Occupied time: 8.33 hours
Occupied time: 8.33 hours
Occupied time: 8.34 hours
Occupied time: 8.34 hours
Occupied time: 8.34 hours
Occupied time: 8.35 hours
Occupied time: 8.35 hours
Occupied time: 8.36 hours
Occupied time: 8.36 hours
Occupied time: 8.37 hours
Occupied time: 8.37 hours
Occupied time: 8.38 hours
Occupied time: 8.38 hours
Occupied time: 8.39 hours
Occupied time: 8.39 hours
Occupied time: 8.39 hours
Occupied time: 8.40 hours
Occupied time: 8.40 hours
Occupied time: 8.41 hours
Occupied time: 8.41 hours
Occupied time: 8.42 hours
Occupied time: 8.42 hours
Occupied time: 8.43 hours
Occupied time: 8.43 hours
Occupied time: 8.44 hours
Occupied time: 8.44 hours
Occupied time: 8.44 hours
Occupied time: 8.45 hours
Occupied time: 8.45 hours
Occupied time: 8.46 hours
Occupied time: 8.46 hours
Occupied time: 8.47 hours
Occupied time: 8.47 hours
Occupied time: 8.48 hours
Occupied time: 8.48 hours
Occupied time: 8.49 hours
Occupied time: 8.49 hours
Occupied time: 8.50 hours
Occupied time: 8.50 hours
Occupied time: 8.50 hours
Occupied time: 8.51 hours
Occupied time: 8.51 hours
Occupied time: 8.52 hours
Occupied time: 8.52 hours
Occupied time: 8.53 hours
Occupied time: 8.53 hours
Occupied time: 8.54 hours
Occupied time: 8.54 hours
Occupied time: 8.55 hours
Occupied time: 8.55 hours
Occupied time: 8.55 hours
Occupied time: 8.56 hours
Occupied time: 8.56 hours
Occupied time: 8.57 hours
Occupied time: 8.57 hours
Occupied time: 8.58 hours
Occupied time: 8.58 hours
Occupied time: 8.59 hours
Occupied time: 8.59 hours
Occupied time: 8.60 hours
Occupied time: 8.60 hours
Occupied time: 8.61 hours
Occupied time: 8.61 hours
Occupied time: 8.61 hours
Occupied time: 8.62 hours
Occupied time: 8.62 hours
Occupied time: 8.63 hours
Occupied time: 8.63 hours
Occupied time: 8.64 hours
Occupied time: 8.64 hours
Occupied time: 8.65 hours
Occupied time: 8.65 hours
Occupied time: 8.66 hours
Occupied time: 8.66 hours
Occupied time: 8.66 hours
Occupied time: 8.67 hours
Occupied time: 8.67 hours
Occupied time: 8.68 hours
Occupied time: 8.68 hours
Occupied time: 8.69 hours
Occupied time: 8.69 hours
Occupied time: 8.70 hours
Occupied time: 8.70 hours
Occupied time: 8.71 hours
Occupied time: 8.71 hours
Occupied time: 8.71 hours
Occupied time: 8.72 hours
Occupied time: 8.72 hours
Occupied time: 8.73 hours
Occupied time: 8.73 hours
Occupied time: 8.74 hours
Occupied time: 8.74 hours
Occupied time: 8.75 hours
Occupied time: 8.75 hours
Occupied time: 8.76 hours
Occupied time: 8.76 hours
Occupied time: 8.77 hours
Occupied time: 8.77 hours
Occupied time: 8.77 hours
Occupied time: 8.78 hours
Occupied time: 8.78 hours
Occupied time: 8.79 hours
Occupied time: 8.79 hours
Occupied time: 8.80 hours
Occupied time: 8.80 hours
Occupied time: 8.81 hours
Occupied time: 8.81 hours
Occupied time: 8.82 hours
Occupied time: 8.82 hours
Occupied time: 8.83 hours
Occupied time: 8.83 hours
Occupied time: 8.83 hours
Occupied time: 8.84 hours
Occupied time: 8.84 hours
Occupied time: 8.85 hours
Occupied time: 8.85 hours
Occupied time: 8.86 hours
Occupied time: 8.86 hours
Occupied time: 8.87 hours
Occupied time: 8.87 hours
Occupied time: 8.88 hours
Occupied time: 8.88 hours
Occupied time: 8.88 hours
Occupied time: 8.89 hours
Occupied time: 8.89 hours
Occupied time: 8.90 hours
Occupied time: 8.90 hours
Occupied time: 8.91 hours
Occupied time: 8.91 hours
Occupied time: 8.92 hours
Occupied time: 8.92 hours
Occupied time: 8.93 hours
Occupied time: 8.93 hours
Occupied time: 8.93 hours
Occupied time: 8.94 hours
Occupied time: 8.94 hours
Occupied time: 8.95 hours
Occupied time: 8.95 hours
Occupied time: 8.96 hours
Occupied time: 8.96 hours
Occupied time: 8.97 hours
Occupied time: 8.97 hours
Occupied time: 8.98 hours
Occupied time: 8.98 hours
Occupied time: 8.99 hours
Occupied time: 8.99 hours
Occupied time: 8.99 hours
Occupied time: 9.00 hours
Occupied time: 9.00 hours
Occupied time: 9.01 hours
Occupied time: 9.01 hours
Occupied time: 9.02 hours
Occupied time: 9.02 hours
Occupied time: 9.03 hours
Occupied time: 9.03 hours
Occupied time: 9.04 hours
Occupied time: 9.04 hours
Occupied time: 9.05 hours
Occupied time: 9.05 hours
Occupied time: 9.05 hours
Occupied time: 9.06 hours
Occupied time: 9.06 hours
Occupied time: 9.07 hours
Occupied time: 9.07 hours
Occupied time: 9.08 hours
Occupied time: 9.08 hours
Occupied time: 9.09 hours
Occupied time: 9.09 hours
Occupied time: 9.10 hours
Occupied time: 9.10 hours
Occupied time: 9.10 hours
Occupied time: 9.11 hours
Occupied time: 9.11 hours
Occupied time: 9.12 hours
Occupied time: 9.12 hours
Occupied time: 9.13 hours
Occupied time: 9.13 hours
Occupied time: 9.14 hours
Occupied time: 9.14 hours
Occupied time: 9.15 hours
Occupied time: 9.15 hours
Occupied time: 9.16 hours
Occupied time: 9.16 hours
Occupied time: 9.16 hours
Occupied time: 9.17 hours
Occupied time: 9.17 hours
Occupied time: 9.18 hours
Occupied time: 9.18 hours
Occupied time: 9.19 hours
Occupied time: 9.19 hours
Occupied time: 9.20 hours
Occupied time: 9.20 hours
Occupied time: 9.21 hours
Occupied time: 9.21 hours
Occupied time: 9.22 hours
Occupied time: 9.22 hours
Occupied time: 9.22 hours
Occupied time: 9.23 hours
Occupied time: 9.23 hours
Occupied time: 9.24 hours
Occupied time: 9.24 hours
Occupied time: 9.25 hours
Occupied time: 9.25 hours
Occupied time: 9.26 hours
Occupied time: 9.26 hours
Occupied time: 9.27 hours
Occupied time: 9.27 hours
Occupied time: 9.27 hours
Occupied time: 9.28 hours
Occupied time: 9.28 hours
Occupied time: 9.29 hours
Occupied time: 9.29 hours
Occupied time: 9.30 hours
Occupied time: 9.30 hours
Occupied time: 9.31 hours
Occupied time: 9.31 hours
Occupied time: 9.32 hours
Occupied time: 9.32 hours
Occupied time: 9.32 hours
Occupied time: 9.33 hours
Occupied time: 9.33 hours
Occupied time: 9.34 hours
Occupied time: 9.34 hours
Occupied time: 9.35 hours
Occupied time: 9.35 hours
Occupied time: 9.36 hours
Occupied time: 9.36 hours
Occupied time: 9.37 hours
Occupied time: 9.37 hours
Occupied time: 9.38 hours
Occupied time: 9.38 hours
Occupied time: 9.38 hours
Occupied time: 9.39 hours
Occupied time: 9.39 hours
Occupied time: 9.40 hours
Occupied time: 9.40 hours
Occupied time: 9.41 hours
Occupied time: 9.41 hours
Occupied time: 9.42 hours
Occupied time: 9.42 hours
Occupied time: 9.43 hours
Occupied time: 9.43 hours
Occupied time: 9.43 hours
Occupied time: 9.44 hours
Occupied time: 9.44 hours
Occupied time: 9.45 hours
Occupied time: 9.45 hours
Occupied time: 9.46 hours
Occupied time: 9.46 hours
Occupied time: 9.47 hours
Occupied time: 9.47 hours
Occupied time: 9.48 hours
Occupied time: 9.48 hours
Occupied time: 9.49 hours
Occupied time: 9.49 hours
Occupied time: 9.49 hours
Occupied time: 9.50 hours
Occupied time: 9.50 hours
Occupied time: 9.51 hours
Occupied time: 9.51 hours
Occupied time: 9.52 hours
Occupied time: 9.52 hours
Occupied time: 9.53 hours
Occupied time: 9.53 hours
Occupied time: 9.54 hours
Occupied time: 9.54 hours
Occupied time: 9.54 hours
Occupied time: 9.55 hours
Occupied time: 9.55 hours
Occupied time: 9.56 hours
Occupied time: 9.56 hours
Occupied time: 9.57 hours
Occupied time: 9.57 hours
Occupied time: 9.58 hours
Occupied time: 9.58 hours
Occupied time: 9.59 hours
Occupied time: 9.59 hours
Occupied time: 9.59 hours
Occupied time: 9.60 hours
Occupied time: 9.60 hours
Occupied time: 9.61 hours
Occupied time: 9.61 hours
Occupied time: 9.62 hours
Occupied time: 9.62 hours
Occupied time: 9.63 hours
Occupied time: 9.63 hours
Occupied time: 9.64 hours
Occupied time: 9.64 hours
Occupied time: 9.64 hours
Occupied time: 9.65 hours
Occupied time: 9.65 hours
Occupied time: 9.66 hours
Occupied time: 9.66 hours
Occupied time: 9.67 hours
Occupied time: 9.67 hours
Occupied time: 9.68 hours
Occupied time: 9.68 hours
Occupied time: 9.69 hours
Occupied time: 9.69 hours
Occupied time: 9.70 hours
Occupied time: 9.70 hours
Occupied time: 9.70 hours
Occupied time: 9.71 hours
Occupied time: 9.71 hours
Occupied time: 9.72 hours
Occupied time: 9.72 hours
Occupied time: 9.73 hours
Occupied time: 9.73 hours
Occupied time: 9.74 hours
Occupied time: 9.74 hours
Occupied time: 9.75 hours
Occupied time: 9.75 hours
Occupied time: 9.76 hours
Occupied time: 9.76 hours
Occupied time: 9.76 hours
Occupied time: 9.77 hours
Occupied time: 9.77 hours
Occupied time: 9.78 hours
Occupied time: 9.78 hours
Occupied time: 9.79 hours
Occupied time: 9.79 hours
Occupied time: 9.80 hours
Occupied time: 9.80 hours
Occupied time: 9.81 hours
Occupied time: 9.81 hours
Occupied time: 9.81 hours
Occupied time: 9.82 hours
Occupied time: 9.82 hours
Occupied time: 9.83 hours
Occupied time: 9.83 hours
Occupied time: 9.84 hours
Occupied time: 9.84 hours
Occupied time: 9.85 hours
Occupied time: 9.85 hours
Occupied time: 9.86 hours
Occupied time: 9.86 hours
Occupied time: 9.87 hours
Occupied time: 9.87 hours
Occupied time: 9.87 hours
Occupied time: 9.88 hours
Occupied time: 9.88 hours
Occupied time: 9.89 hours
Occupied time: 9.89 hours
Occupied time: 9.90 hours
Occupied time: 9.90 hours
Occupied time: 9.91 hours
Occupied time: 9.91 hours
Occupied time: 9.92 hours
Occupied time: 9.92 hours
Occupied time: 9.93 hours
Occupied time: 9.93 hours
Occupied time: 9.93 hours
Occupied time: 9.94 hours
Occupied time: 9.94 hours
Occupied time: 9.95 hours
Occupied time: 9.95 hours
Occupied time: 9.96 hours
Occupied time: 9.96 hours
Occupied time: 9.97 hours
Occupied time: 9.97 hours
Occupied time: 9.98 hours
Occupied time: 9.98 hours
Occupied time: 9.98 hours
Occupied time: 9.99 hours
Occupied time: 9.99 hours
Occupied time: 10.00 hours
Occupied time: 10.00 hours
Occupied time: 10.01 hours
Occupied time: 10.01 hours
Occupied time: 10.02 hours
Occupied time: 10.02 hours
Occupied time: 10.03 hours
Occupied time: 10.03 hours
Occupied time: 10.03 hours
Occupied time: 10.04 hours
Occupied time: 10.04 hours
Occupied time: 10.05 hours
Occupied time: 10.05 hours
Occupied time: 10.06 hours
Occupied time: 10.06 hours
Occupied time: 10.07 hours
Occupied time: 10.07 hours
Occupied time: 10.08 hours
Occupied time: 10.08 hours
Occupied time: 10.09 hours
Occupied time: 10.09 hours
Occupied time: 10.09 hours
Occupied time: 10.10 hours
Occupied time: 10.10 hours
Occupied time: 10.11 hours
Occupied time: 10.11 hours
Occupied time: 10.12 hours
Occupied time: 10.12 hours
Occupied time: 10.13 hours
Occupied time: 10.13 hours
Occupied time: 10.14 hours
Occupied time: 10.14 hours
Occupied time: 10.14 hours
Occupied time: 10.15 hours
Occupied time: 10.15 hours
Occupied time: 10.16 hours
Occupied time: 10.16 hours
Occupied time: 10.17 hours
Occupied time: 10.17 hours
Occupied time: 10.18 hours
Occupied time: 10.18 hours
Occupied time: 10.19 hours
Occupied time: 10.19 hours
Occupied time: 10.20 hours
Occupied time: 10.20 hours
Occupied time: 10.20 hours
Occupied time: 10.21 hours
Occupied time: 10.21 hours
Occupied time: 10.22 hours
Occupied time: 10.22 hours
Occupied time: 10.23 hours
Occupied time: 10.23 hours
Occupied time: 10.24 hours
Occupied time: 10.24 hours
Occupied time: 10.25 hours
Occupied time: 10.25 hours
Occupied time: 10.25 hours
Occupied time: 10.26 hours
Occupied time: 10.26 hours
Occupied time: 10.27 hours
Occupied time: 10.27 hours
Occupied time: 10.28 hours
Occupied time: 10.28 hours
Occupied time: 10.29 hours
Occupied time: 10.29 hours
Occupied time: 10.30 hours
Occupied time: 10.30 hours
Occupied time: 10.31 hours
Occupied time: 10.31 hours
Occupied time: 10.31 hours
Occupied time: 10.32 hours
Occupied time: 10.32 hours
Occupied time: 10.33 hours
Occupied time: 10.33 hours
Occupied time: 10.34 hours
Occupied time: 10.34 hours
Occupied time: 10.35 hours
Occupied time: 10.35 hours
Occupied time: 10.36 hours
Occupied time: 10.36 hours
Occupied time: 10.36 hours
Occupied time: 10.37 hours
Occupied time: 10.37 hours
Occupied time: 10.38 hours
Occupied time: 10.38 hours
Occupied time: 10.39 hours
Occupied time: 10.39 hours
Occupied time: 10.40 hours
Occupied time: 10.40 hours
Occupied time: 10.41 hours
Occupied time: 10.41 hours
Occupied time: 10.42 hours
Occupied time: 10.42 hours
Occupied time: 10.42 hours
Occupied time: 10.43 hours
Occupied time: 10.43 hours
Occupied time: 10.44 hours
Occupied time: 10.44 hours
Occupied time: 10.45 hours
Occupied time: 10.45 hours
Occupied time: 10.46 hours
Occupied time: 10.46 hours
Occupied time: 10.47 hours
Occupied time: 10.47 hours
Occupied time: 10.48 hours
Occupied time: 10.48 hours
Occupied time: 10.48 hours
Occupied time: 10.49 hours
Occupied time: 10.49 hours
Occupied time: 10.50 hours
Occupied time: 10.50 hours
Occupied time: 10.51 hours
Occupied time: 10.51 hours
Occupied time: 10.52 hours
Occupied time: 10.52 hours
Occupied time: 10.53 hours
Occupied time: 10.53 hours
Occupied time: 10.53 hours
Occupied time: 10.54 hours
Occupied time: 10.54 hours
Occupied time: 10.55 hours
Occupied time: 10.55 hours
Occupied time: 10.56 hours
Occupied time: 10.56 hours
Occupied time: 10.57 hours
Occupied time: 10.57 hours
Occupied time: 10.58 hours
Occupied time: 10.58 hours
Occupied time: 10.58 hours
Occupied time: 10.59 hours
Occupied time: 10.59 hours
Occupied time: 10.60 hours
Occupied time: 10.60 hours
Occupied time: 10.61 hours
Occupied time: 10.61 hours
Occupied time: 10.62 hours
Occupied time: 10.62 hours
Occupied time: 10.63 hours
Occupied time: 10.63 hours
Occupied time: 10.64 hours
Occupied time: 10.64 hours
Occupied time: 10.64 hours
Occupied time: 10.65 hours
Occupied time: 10.65 hours
Occupied time: 10.66 hours
Occupied time: 10.66 hours
Occupied time: 10.67 hours
Occupied time: 10.67 hours
Occupied time: 10.68 hours
Occupied time: 10.68 hours
Occupied time: 10.69 hours
Occupied time: 10.69 hours
Occupied time: 10.70 hours
Occupied time: 10.70 hours
Occupied time: 10.70 hours
Occupied time: 10.71 hours
Occupied time: 10.71 hours
Occupied time: 10.72 hours
Occupied time: 10.72 hours
Occupied time: 10.73 hours
Occupied time: 10.73 hours
Occupied time: 10.74 hours
Occupied time: 10.74 hours
Occupied time: 10.75 hours
Occupied time: 10.75 hours
Occupied time: 10.76 hours
Occupied time: 10.76 hours
Occupied time: 10.76 hours
Occupied time: 10.77 hours
Occupied time: 10.77 hours
Occupied time: 10.78 hours
Occupied time: 10.78 hours
Occupied time: 10.79 hours
Occupied time: 10.79 hours
Occupied time: 10.80 hours
Occupied time: 10.80 hours
Occupied time: 10.81 hours
Occupied time: 10.81 hours
Occupied time: 10.81 hours
Occupied time: 10.82 hours
Occupied time: 10.82 hours
Occupied time: 10.83 hours
Occupied time: 10.83 hours
Occupied time: 10.84 hours
Occupied time: 10.84 hours
Occupied time: 10.85 hours
Occupied time: 10.85 hours
Occupied time: 10.86 hours
Occupied time: 10.86 hours
Occupied time: 10.86 hours
Occupied time: 10.87 hours
Occupied time: 10.87 hours
Occupied time: 10.88 hours
Occupied time: 10.88 hours
Occupied time: 10.89 hours
Occupied time: 10.89 hours
Occupied time: 10.90 hours
Occupied time: 10.90 hours
Occupied time: 10.91 hours
Occupied time: 10.91 hours
Occupied time: 10.92 hours
Occupied time: 10.92 hours
Occupied time: 10.92 hours
Occupied time: 10.93 hours
Occupied time: 10.93 hours
Occupied time: 10.94 hours
Occupied time: 10.94 hours
Occupied time: 10.95 hours
Occupied time: 10.95 hours
Occupied time: 10.96 hours
Occupied time: 10.96 hours
Occupied time: 10.97 hours
Occupied time: 10.97 hours
Occupied time: 10.97 hours
Occupied time: 10.98 hours
Occupied time: 10.98 hours
Occupied time: 10.99 hours
Occupied time: 10.99 hours
Occupied time: 11.00 hours
Occupied time: 11.00 hours
Occupied time: 11.01 hours
Occupied time: 11.01 hours
Occupied time: 11.02 hours
Occupied time: 11.02 hours
Occupied time: 11.02 hours
Occupied time: 11.03 hours
Occupied time: 11.03 hours
Occupied time: 11.04 hours
Occupied time: 11.04 hours
Occupied time: 11.05 hours
Occupied time: 11.05 hours
Occupied time: 11.06 hours
Occupied time: 11.06 hours
Occupied time: 11.07 hours
Occupied time: 11.07 hours
Occupied time: 11.08 hours
Occupied time: 11.08 hours
Occupied time: 11.08 hours
Occupied time: 11.09 hours
Occupied time: 11.09 hours
Occupied time: 11.10 hours
Occupied time: 11.10 hours
Occupied time: 11.11 hours
Occupied time: 11.11 hours
Occupied time: 11.12 hours
Occupied time: 11.12 hours
Occupied time: 11.13 hours
Occupied time: 11.13 hours
Occupied time: 11.13 hours
Occupied time: 11.14 hours
Occupied time: 11.14 hours
Occupied time: 11.15 hours
Occupied time: 11.15 hours
Occupied time: 11.16 hours
Occupied time: 11.16 hours
Occupied time: 11.17 hours
Occupied time: 11.17 hours
Occupied time: 11.18 hours
Occupied time: 11.18 hours
Occupied time: 11.19 hours
Occupied time: 11.19 hours
Occupied time: 11.19 hours
Occupied time: 11.20 hours
Occupied time: 11.20 hours
Occupied time: 11.21 hours
Occupied time: 11.21 hours
Occupied time: 11.22 hours
Occupied time: 11.22 hours
Occupied time: 11.23 hours
Occupied time: 11.23 hours
Occupied time: 11.23 hours
Occupied time: 11.24 hours
Occupied time: 11.24 hours
Occupied time: 11.25 hours
Occupied time: 11.25 hours
Occupied time: 11.26 hours
Occupied time: 11.26 hours
Occupied time: 11.27 hours
Occupied time: 11.27 hours
Occupied time: 11.28 hours
Occupied time: 11.28 hours
Occupied time: 11.29 hours
Occupied time: 11.29 hours
Occupied time: 11.29 hours
Occupied time: 11.30 hours
Occupied time: 11.30 hours
Occupied time: 11.31 hours
Occupied time: 11.31 hours
Occupied time: 11.32 hours
Occupied time: 11.32 hours
Occupied time: 11.33 hours
Occupied time: 11.33 hours
Occupied time: 11.34 hours
Occupied time: 11.34 hours
Occupied time: 11.34 hours
Occupied time: 11.35 hours
Occupied time: 11.35 hours
Occupied time: 11.36 hours
Occupied time: 11.36 hours
Occupied time: 11.37 hours
Occupied time: 11.37 hours
Occupied time: 11.38 hours
Occupied time: 11.38 hours
Occupied time: 11.39 hours
Occupied time: 11.39 hours
Occupied time: 11.40 hours
Occupied time: 11.40 hours
Occupied time: 11.40 hours
Occupied time: 11.41 hours
Occupied time: 11.41 hours
Occupied time: 11.42 hours
Occupied time: 11.42 hours
Occupied time: 11.43 hours
Occupied time: 11.43 hours
Occupied time: 11.44 hours
Occupied time: 11.44 hours
Occupied time: 11.45 hours
Occupied time: 11.45 hours
Occupied time: 11.45 hours
Occupied time: 11.46 hours
Occupied time: 11.46 hours
Occupied time: 11.47 hours
Occupied time: 11.47 hours
Occupied time: 11.48 hours
Occupied time: 11.48 hours
Occupied time: 11.49 hours
Occupied time: 11.49 hours
Occupied time: 11.50 hours
Occupied time: 11.50 hours
Occupied time: 11.51 hours
Occupied time: 11.51 hours
Occupied time: 11.51 hours
Occupied time: 11.52 hours
Occupied time: 11.52 hours
Occupied time: 11.53 hours
Occupied time: 11.53 hours
Occupied time: 11.54 hours
Occupied time: 11.54 hours
Occupied time: 11.55 hours
Occupied time: 11.55 hours
Occupied time: 11.56 hours
Occupied time: 11.56 hours
Occupied time: 11.56 hours
Occupied time: 11.57 hours
Occupied time: 11.57 hours
Occupied time: 11.58 hours
Occupied time: 11.58 hours
Occupied time: 11.59 hours
Occupied time: 11.59 hours
Occupied time: 11.60 hours
Occupied time: 11.60 hours
Occupied time: 11.61 hours
Occupied time: 11.61 hours
Occupied time: 11.61 hours
Occupied time: 11.62 hours
Occupied time: 11.62 hours
Occupied time: 11.63 hours
Occupied time: 11.63 hours
Occupied time: 11.64 hours
Occupied time: 11.64 hours
Occupied time: 11.65 hours
Occupied time: 11.65 hours
Occupied time: 11.66 hours
Occupied time: 11.66 hours
Occupied time: 11.67 hours
Occupied time: 11.67 hours
Occupied time: 11.67 hours
Occupied time: 11.68 hours
Occupied time: 11.68 hours
Occupied time: 11.69 hours
Occupied time: 11.69 hours
Occupied time: 11.70 hours
Occupied time: 11.70 hours
Occupied time: 11.71 hours
Occupied time: 11.71 hours
Occupied time: 11.72 hours
Occupied time: 11.72 hours
Occupied time: 11.72 hours
Occupied time: 11.73 hours
Occupied time: 11.73 hours
Occupied time: 11.74 hours
Occupied time: 11.74 hours
Occupied time: 11.75 hours
Occupied time: 11.75 hours
Occupied time: 11.76 hours
Occupied time: 11.76 hours
Occupied time: 11.77 hours
Occupied time: 11.77 hours
Occupied time: 11.77 hours
Occupied time: 11.78 hours
Occupied time: 11.78 hours
Occupied time: 11.79 hours
Occupied time: 11.79 hours
Occupied time: 11.80 hours
Occupied time: 11.80 hours
Occupied time: 11.81 hours
Occupied time: 11.81 hours
Occupied time: 11.82 hours
Occupied time: 11.82 hours
Occupied time: 11.83 hours
Occupied time: 11.83 hours
Occupied time: 11.83 hours
Occupied time: 11.84 hours
Occupied time: 11.84 hours
Occupied time: 11.85 hours
Occupied time: 11.85 hours
Occupied time: 11.86 hours
Occupied time: 11.86 hours
Occupied time: 11.87 hours
Occupied time: 11.87 hours
Occupied time: 11.88 hours
Occupied time: 11.88 hours
Occupied time: 11.89 hours
Occupied time: 11.89 hours
Occupied time: 11.89 hours
Occupied time: 11.90 hours
Occupied time: 11.90 hours
Occupied time: 11.91 hours
Occupied time: 11.91 hours
Occupied time: 11.92 hours
Occupied time: 11.92 hours
Occupied time: 11.93 hours
Occupied time: 11.93 hours
Occupied time: 11.94 hours
Occupied time: 11.94 hours
Occupied time: 11.94 hours
Occupied time: 11.95 hours
Occupied time: 11.95 hours
Occupied time: 11.96 hours
Occupied time: 11.96 hours
Occupied time: 11.97 hours
Occupied time: 11.97 hours
Occupied time: 11.98 hours
Occupied time: 11.98 hours
Occupied time: 11.99 hours
Occupied time: 11.99 hours
Occupied time: 12.00 hours
Occupied time: 12.00 hours
Occupied time: 12.00 hours
Occupied time: 12.01 hours
Occupied time: 12.01 hours
Occupied time: 12.02 hours
Occupied time: 12.02 hours
Occupied time: 12.03 hours
Occupied time: 12.03 hours
Occupied time: 12.04 hours
Occupied time: 12.04 hours
Occupied time: 12.05 hours
Occupied time: 12.05 hours
Occupied time: 12.05 hours
Occupied time: 12.06 hours
Occupied time: 12.06 hours
Occupied time: 12.07 hours
Occupied time: 12.07 hours
Occupied time: 12.08 hours
Occupied time: 12.08 hours
Occupied time: 12.09 hours
Occupied time: 12.09 hours
Occupied time: 12.10 hours
Occupied time: 12.10 hours
Occupied time: 12.11 hours
Occupied time: 12.11 hours
Occupied time: 12.11 hours
Occupied time: 12.12 hours
Occupied time: 12.12 hours
Occupied time: 12.13 hours
Occupied time: 12.13 hours
Occupied time: 12.14 hours
Occupied time: 12.14 hours
Occupied time: 12.15 hours
Occupied time: 12.15 hours
Occupied time: 12.16 hours
Occupied time: 12.16 hours
Occupied time: 12.16 hours
Occupied time: 12.17 hours
Occupied time: 12.17 hours
Occupied time: 12.18 hours
Occupied time: 12.18 hours
Occupied time: 12.19 hours
Occupied time: 12.19 hours
Occupied time: 12.20 hours
Occupied time: 12.20 hours
Occupied time: 12.21 hours
Occupied time: 12.21 hours
Occupied time: 12.22 hours
Occupied time: 12.22 hours
Occupied time: 12.22 hours
Occupied time: 12.23 hours
Occupied time: 12.23 hours
Occupied time: 12.24 hours
Occupied time: 12.24 hours
Occupied time: 12.25 hours
Occupied time: 12.25 hours
Occupied time: 12.26 hours
Occupied time: 12.26 hours
Occupied time: 12.27 hours
Occupied time: 12.27 hours
Occupied time: 12.27 hours
Occupied time: 12.28 hours
Occupied time: 12.28 hours
Occupied time: 12.29 hours
Occupied time: 12.29 hours
Occupied time: 12.30 hours
Occupied time: 12.30 hours
Occupied time: 12.31 hours
Occupied time: 12.31 hours
Occupied time: 12.32 hours
Occupied time: 12.32 hours
Occupied time: 12.33 hours
Occupied time: 12.33 hours
Occupied time: 12.33 hours
Occupied time: 12.34 hours
Occupied time: 12.34 hours
Occupied time: 12.35 hours
Occupied time: 12.35 hours
Occupied time: 12.36 hours
Occupied time: 12.36 hours
Occupied time: 12.37 hours
Occupied time: 12.37 hours
Occupied time: 12.38 hours
Occupied time: 12.38 hours
Occupied time: 12.38 hours
Occupied time: 12.39 hours
Occupied time: 12.39 hours
Occupied time: 12.40 hours
Occupied time: 12.40 hours
Occupied time: 12.41 hours
Occupied time: 12.41 hours
Occupied time: 12.42 hours
Occupied time: 12.42 hours
Occupied time: 12.43 hours
Occupied time: 12.43 hours
Occupied time: 12.43 hours
Occupied time: 12.44 hours
Occupied time: 12.44 hours
Occupied time: 12.45 hours
Occupied time: 12.45 hours
Occupied time: 12.46 hours
Occupied time: 12.46 hours
Occupied time: 12.47 hours
Occupied time: 12.47 hours
Occupied time: 12.48 hours
Occupied time: 12.48 hours
Occupied time: 12.49 hours
Occupied time: 12.49 hours
Occupied time: 12.49 hours
Occupied time: 12.50 hours
Occupied time: 12.50 hours
Occupied time: 12.51 hours
Occupied time: 12.51 hours
Occupied time: 12.52 hours
Occupied time: 12.52 hours
Occupied time: 12.53 hours
Occupied time: 12.53 hours
Occupied time: 12.54 hours
Occupied time: 12.54 hours
Occupied time: 12.54 hours
Occupied time: 12.55 hours
Occupied time: 12.55 hours
Occupied time: 12.56 hours
Occupied time: 12.56 hours
Occupied time: 12.57 hours
Occupied time: 12.57 hours
Occupied time: 12.58 hours
Occupied time: 12.58 hours
Occupied time: 12.59 hours
Occupied time: 12.59 hours
Occupied time: 12.59 hours
Occupied time: 12.60 hours
Occupied time: 12.60 hours
Occupied time: 12.61 hours
Occupied time: 12.61 hours
Occupied time: 12.62 hours
Occupied time: 12.62 hours
Occupied time: 12.63 hours
Occupied time: 12.63 hours
Occupied time: 12.64 hours
Occupied time: 12.64 hours
Occupied time: 12.65 hours
Occupied time: 12.65 hours
Occupied time: 12.65 hours
Occupied time: 12.66 hours
Occupied time: 12.66 hours
Occupied time: 12.67 hours
Occupied time: 12.67 hours
Occupied time: 12.68 hours
Occupied time: 12.68 hours
Occupied time: 12.69 hours
Occupied time: 12.69 hours
Occupied time: 12.70 hours
Occupied time: 12.70 hours
Occupied time: 12.70 hours
Occupied time: 12.71 hours
Occupied time: 12.71 hours
Occupied time: 12.72 hours
Occupied time: 12.72 hours
Occupied time: 12.73 hours
Occupied time: 12.73 hours
Occupied time: 12.74 hours
Occupied time: 12.74 hours
Occupied time: 12.75 hours
Occupied time: 12.75 hours
Occupied time: 12.75 hours
Occupied time: 12.76 hours
Occupied time: 12.76 hours
Occupied time: 12.77 hours
Occupied time: 12.77 hours
Occupied time: 12.78 hours
Occupied time: 12.78 hours
Occupied time: 12.79 hours
Occupied time: 12.79 hours
Occupied time: 12.80 hours
Occupied time: 12.80 hours
Occupied time: 12.80 hours
Occupied time: 12.81 hours
Occupied time: 12.81 hours
Occupied time: 12.82 hours
Occupied time: 12.82 hours
Occupied time: 12.83 hours
Occupied time: 12.83 hours
Occupied time: 12.84 hours
Occupied time: 12.84 hours
Occupied time: 12.85 hours
Occupied time: 12.85 hours
Occupied time: 12.86 hours
Occupied time: 12.86 hours
Occupied time: 12.86 hours
Occupied time: 12.87 hours
Occupied time: 12.87 hours
Occupied time: 12.88 hours
Occupied time: 12.88 hours
Occupied time: 12.89 hours
Occupied time: 12.89 hours
Occupied time: 12.90 hours
Occupied time: 12.90 hours
Occupied time: 12.91 hours
Occupied time: 12.91 hours
Occupied time: 12.91 hours
Occupied time: 12.92 hours
Occupied time: 12.92 hours
Occupied time: 12.93 hours
Occupied time: 12.93 hours
Occupied time: 12.94 hours
Occupied time: 12.94 hours
Occupied time: 12.95 hours
Occupied time: 12.95 hours
Occupied time: 12.96 hours
Occupied time: 12.96 hours
Occupied time: 12.96 hours
Occupied time: 12.97 hours
Occupied time: 12.97 hours
Occupied time: 12.98 hours
Occupied time: 12.98 hours
Occupied time: 12.99 hours
Occupied time: 12.99 hours
Occupied time: 13.00 hours
Occupied time: 13.00 hours
Occupied time: 13.01 hours
Occupied time: 13.01 hours
Occupied time: 13.02 hours
Occupied time: 13.02 hours
Occupied time: 13.02 hours
Occupied time: 13.03 hours
Occupied time: 13.03 hours
Occupied time: 13.04 hours
Occupied time: 13.04 hours
Occupied time: 13.05 hours
Occupied time: 13.05 hours
Occupied time: 13.06 hours
Occupied time: 13.06 hours
Occupied time: 13.07 hours
Occupied time: 13.07 hours
Occupied time: 13.07 hours
Occupied time: 13.08 hours
Occupied time: 13.08 hours
Occupied time: 13.09 hours
Occupied time: 13.09 hours
Occupied time: 13.10 hours
Occupied time: 13.10 hours
Occupied time: 13.11 hours
Occupied time: 13.11 hours
Occupied time: 13.12 hours
Occupied time: 13.12 hours
Occupied time: 13.13 hours
Occupied time: 13.13 hours
Occupied time: 13.13 hours
Occupied time: 13.14 hours
Occupied time: 13.14 hours
Occupied time: 13.15 hours
Occupied time: 13.15 hours
Occupied time: 13.16 hours
Occupied time: 13.16 hours
Occupied time: 13.17 hours
Occupied time: 13.17 hours
Occupied time: 13.18 hours
Occupied time: 13.18 hours
Occupied time: 13.19 hours
Occupied time: 13.19 hours
Occupied time: 13.19 hours
Occupied time: 13.20 hours
Occupied time: 13.20 hours
Occupied time: 13.21 hours
Occupied time: 13.21 hours
Occupied time: 13.22 hours
Occupied time: 13.22 hours
Occupied time: 13.23 hours
Occupied time: 13.23 hours
Occupied time: 13.24 hours
Occupied time: 13.24 hours
Occupied time: 13.24 hours
Occupied time: 13.25 hours
Occupied time: 13.25 hours
Occupied time: 13.26 hours
Occupied time: 13.26 hours
Occupied time: 13.27 hours
Occupied time: 13.27 hours
Occupied time: 13.28 hours
Occupied time: 13.28 hours
Occupied time: 13.29 hours
Occupied time: 13.29 hours
Occupied time: 13.30 hours
Occupied time: 13.30 hours
Occupied time: 13.30 hours
Occupied time: 13.31 hours
Occupied time: 13.31 hours
Occupied time: 13.32 hours
Occupied time: 13.32 hours
Occupied time: 13.33 hours
Occupied time: 13.33 hours
Occupied time: 13.34 hours
Occupied time: 13.34 hours
Occupied time: 13.35 hours
Occupied time: 13.35 hours
Occupied time: 13.36 hours
Occupied time: 13.36 hours
Occupied time: 13.36 hours
Occupied time: 13.37 hours
Occupied time: 13.37 hours
Occupied time: 13.38 hours
Occupied time: 13.38 hours
Occupied time: 13.39 hours
Occupied time: 13.39 hours
Occupied time: 13.40 hours
Occupied time: 13.40 hours
Occupied time: 13.41 hours
Occupied time: 13.41 hours
Occupied time: 13.41 hours
Occupied time: 13.42 hours
Occupied time: 13.42 hours
Occupied time: 13.43 hours
Occupied time: 13.43 hours
Occupied time: 13.44 hours
Occupied time: 13.44 hours
Occupied time: 13.45 hours
Occupied time: 13.45 hours
Occupied time: 13.46 hours
Occupied time: 13.46 hours
Occupied time: 13.47 hours
Occupied time: 13.47 hours
Occupied time: 13.47 hours
Occupied time: 13.48 hours
Occupied time: 13.48 hours
Occupied time: 13.49 hours
Occupied time: 13.49 hours
Occupied time: 13.50 hours
Occupied time: 13.50 hours
Occupied time: 13.51 hours
Occupied time: 13.51 hours
Occupied time: 13.52 hours
Occupied time: 13.52 hours
Occupied time: 13.53 hours
Occupied time: 13.53 hours
Occupied time: 13.53 hours
Occupied time: 13.54 hours
Occupied time: 13.54 hours
Occupied time: 13.55 hours
Occupied time: 13.55 hours
Occupied time: 13.56 hours
Occupied time: 13.56 hours
Occupied time: 13.57 hours
Occupied time: 13.57 hours
Occupied time: 13.58 hours
Occupied time: 13.58 hours
Occupied time: 13.58 hours
Occupied time: 13.59 hours
Occupied time: 13.59 hours
Occupied time: 13.60 hours
Occupied time: 13.60 hours
Occupied time: 13.61 hours
Occupied time: 13.61 hours
Occupied time: 13.62 hours
Occupied time: 13.62 hours
Occupied time: 13.63 hours
Occupied time: 13.63 hours
Occupied time: 13.64 hours
Occupied time: 13.64 hours
Occupied time: 13.64 hours
Occupied time: 13.65 hours
Occupied time: 13.65 hours
Occupied time: 13.66 hours
Occupied time: 13.66 hours
Occupied time: 13.67 hours
Occupied time: 13.67 hours
Occupied time: 13.68 hours
Occupied time: 13.68 hours
Occupied time: 13.69 hours
Occupied time: 13.69 hours
Occupied time: 13.70 hours
Occupied time: 13.70 hours
Occupied time: 13.70 hours
Occupied time: 13.71 hours
Occupied time: 13.71 hours
Occupied time: 13.72 hours
Occupied time: 13.72 hours
Occupied time: 13.73 hours
Occupied time: 13.73 hours
Occupied time: 13.74 hours
Occupied time: 13.74 hours
Occupied time: 13.75 hours
Occupied time: 13.75 hours
Occupied time: 13.75 hours
Occupied time: 13.76 hours
Occupied time: 13.76 hours
Occupied time: 13.77 hours
Occupied time: 13.77 hours
Occupied time: 13.78 hours
Occupied time: 13.78 hours
Occupied time: 13.79 hours
Occupied time: 13.79 hours
Occupied time: 13.80 hours
Occupied time: 13.80 hours
Occupied time: 13.80 hours
Occupied time: 13.81 hours
Occupied time: 13.81 hours
Occupied time: 13.82 hours
Occupied time: 13.82 hours
Occupied time: 13.83 hours
Occupied time: 13.83 hours
Occupied time: 13.84 hours
Occupied time: 13.84 hours
Occupied time: 13.85 hours
Occupied time: 13.85 hours
Occupied time: 13.86 hours
Occupied time: 13.86 hours
Occupied time: 13.86 hours
Occupied time: 13.87 hours
Occupied time: 13.87 hours
Occupied time: 13.88 hours
Occupied time: 13.88 hours
Occupied time: 13.89 hours
Occupied time: 13.89 hours
Occupied time: 13.90 hours
Occupied time: 13.90 hours
Occupied time: 13.91 hours
Occupied time: 13.91 hours
Occupied time: 13.91 hours
Occupied time: 13.92 hours
Occupied time: 13.92 hours
Occupied time: 13.93 hours
Occupied time: 13.93 hours
Occupied time: 13.94 hours
Occupied time: 13.94 hours
Occupied time: 13.95 hours
Occupied time: 13.95 hours
Occupied time: 13.96 hours
Occupied time: 13.96 hours
Occupied time: 13.97 hours
Occupied time: 13.97 hours
Occupied time: 13.97 hours
Occupied time: 13.98 hours
Occupied time: 13.98 hours
Occupied time: 13.99 hours
Occupied time: 13.99 hours
Occupied time: 14.00 hours
Occupied time: 14.00 hours
Occupied time: 14.01 hours
Occupied time: 14.01 hours
Occupied time: 14.02 hours
Occupied time: 14.02 hours
Occupied time: 14.02 hours
Occupied time: 14.03 hours
Occupied time: 14.03 hours
Occupied time: 14.04 hours
Occupied time: 14.04 hours
Occupied time: 14.05 hours
Occupied time: 14.05 hours
Occupied time: 14.06 hours
Occupied time: 14.06 hours
Occupied time: 14.07 hours
Occupied time: 14.07 hours
Occupied time: 14.08 hours
Occupied time: 14.08 hours
Occupied time: 14.08 hours
Occupied time: 14.09 hours
Occupied time: 14.09 hours
Occupied time: 14.10 hours
Occupied time: 14.10 hours
Occupied time: 14.11 hours
Occupied time: 14.11 hours
Occupied time: 14.12 hours
Occupied time: 14.12 hours
Occupied time: 14.13 hours
Occupied time: 14.13 hours
Occupied time: 14.13 hours
Occupied time: 14.14 hours
Occupied time: 14.14 hours
Occupied time: 14.15 hours
Occupied time: 14.15 hours
Occupied time: 14.16 hours
Occupied time: 14.16 hours
Occupied time: 14.17 hours
Occupied time: 14.17 hours
Occupied time: 14.18 hours
Occupied time: 14.18 hours
Occupied time: 14.18 hours
Occupied time: 14.19 hours
Occupied time: 14.19 hours
Occupied time: 14.20 hours
Occupied time: 14.20 hours
Occupied time: 14.21 hours
Occupied time: 14.21 hours
Occupied time: 14.22 hours
Occupied time: 14.22 hours
Occupied time: 14.23 hours
Occupied time: 14.23 hours
Occupied time: 14.24 hours
Occupied time: 14.24 hours
Occupied time: 14.24 hours
Occupied time: 14.25 hours
Occupied time: 14.25 hours
Occupied time: 14.26 hours
Occupied time: 14.26 hours
Occupied time: 14.27 hours
Occupied time: 14.27 hours
Occupied time: 14.28 hours
Occupied time: 14.28 hours
Occupied time: 14.29 hours
Occupied time: 14.29 hours
Occupied time: 14.30 hours
Occupied time: 14.30 hours
Occupied time: 14.30 hours
Occupied time: 14.31 hours
Occupied time: 14.31 hours
Occupied time: 14.32 hours
Occupied time: 14.32 hours
Occupied time: 14.33 hours
Occupied time: 14.33 hours
Occupied time: 14.34 hours
Occupied time: 14.34 hours
Occupied time: 14.35 hours
Occupied time: 14.35 hours
Occupied time: 14.35 hours
Occupied time: 14.36 hours
Occupied time: 14.36 hours
Occupied time: 14.37 hours
Occupied time: 14.37 hours
Occupied time: 14.38 hours
Occupied time: 14.38 hours
Occupied time: 14.39 hours
Occupied time: 14.39 hours
Occupied time: 14.40 hours
Occupied time: 14.40 hours
Occupied time: 14.40 hours
Occupied time: 14.41 hours
Occupied time: 14.41 hours
Occupied time: 14.42 hours
Occupied time: 14.42 hours
Occupied time: 14.43 hours
Occupied time: 14.43 hours
Occupied time: 14.44 hours
Occupied time: 14.44 hours
Occupied time: 14.45 hours
Occupied time: 14.45 hours
Occupied time: 14.46 hours
Occupied time: 14.46 hours
Occupied time: 14.46 hours
Occupied time: 14.47 hours
Occupied time: 14.47 hours
Occupied time: 14.48 hours
Occupied time: 14.48 hours
Occupied time: 14.49 hours
Occupied time: 14.49 hours
Occupied time: 14.50 hours
Occupied time: 14.50 hours
Occupied time: 14.51 hours
Occupied time: 14.51 hours
Occupied time: 14.52 hours
Occupied time: 14.52 hours
Occupied time: 14.52 hours
Occupied time: 14.53 hours
Occupied time: 14.53 hours
Occupied time: 14.54 hours
Occupied time: 14.54 hours
Occupied time: 14.55 hours
Occupied time: 14.55 hours
Occupied time: 14.56 hours
Occupied time: 14.56 hours
Occupied time: 14.57 hours
Occupied time: 14.57 hours
Occupied time: 14.58 hours
Occupied time: 14.58 hours
Occupied time: 14.58 hours
Occupied time: 14.59 hours
Occupied time: 14.59 hours
Occupied time: 14.60 hours
Occupied time: 14.60 hours
Occupied time: 14.61 hours
Occupied time: 14.61 hours
Occupied time: 14.62 hours
Occupied time: 14.62 hours
Occupied time: 14.63 hours
Occupied time: 14.63 hours
Occupied time: 14.63 hours
Occupied time: 14.64 hours
Occupied time: 14.64 hours
Occupied time: 14.65 hours
Occupied time: 14.65 hours
Occupied time: 14.66 hours
Occupied time: 14.66 hours
Occupied time: 14.67 hours
Occupied time: 14.67 hours
Occupied time: 14.68 hours
Occupied time: 14.68 hours
Occupied time: 14.69 hours
Occupied time: 14.69 hours
Occupied time: 14.69 hours
Occupied time: 14.70 hours
Occupied time: 14.70 hours
Occupied time: 14.71 hours
Occupied time: 14.71 hours
Occupied time: 14.72 hours
Occupied time: 14.72 hours
Occupied time: 14.73 hours
Occupied time: 14.73 hours
Occupied time: 14.74 hours
Occupied time: 14.74 hours
Occupied time: 14.74 hours
Occupied time: 14.75 hours
Occupied time: 14.75 hours
Occupied time: 14.76 hours
Occupied time: 14.76 hours
Occupied time: 14.77 hours
Occupied time: 14.77 hours
Occupied time: 14.78 hours
Occupied time: 14.78 hours
Occupied time: 14.79 hours
Occupied time: 14.79 hours
Occupied time: 14.80 hours
Occupied time: 14.80 hours
Occupied time: 14.80 hours
Occupied time: 14.81 hours
Occupied time: 14.81 hours
Occupied time: 14.82 hours
Occupied time: 14.82 hours
Occupied time: 14.83 hours
Occupied time: 14.83 hours
Occupied time: 14.84 hours
Occupied time: 14.84 hours
Occupied time: 14.85 hours
Occupied time: 14.85 hours
Occupied time: 14.85 hours
Occupied time: 14.86 hours
Occupied time: 14.86 hours
Occupied time: 14.87 hours
Occupied time: 14.87 hours
Occupied time: 14.88 hours
Occupied time: 14.88 hours
Occupied time: 14.89 hours
Occupied time: 14.89 hours
Occupied time: 14.90 hours
Occupied time: 14.90 hours
Occupied time: 14.91 hours
Occupied time: 14.91 hours
Occupied time: 14.91 hours
Occupied time: 14.92 hours
Occupied time: 14.92 hours
Occupied time: 14.93 hours
Occupied time: 14.93 hours
Occupied time: 14.94 hours
Occupied time: 14.94 hours
Occupied time: 14.95 hours
Occupied time: 14.95 hours
Occupied time: 14.96 hours
Occupied time: 14.96 hours
Occupied time: 14.97 hours
Occupied time: 14.97 hours
Occupied time: 14.97 hours
Occupied time: 14.98 hours
Occupied time: 14.98 hours
Occupied time: 14.99 hours
Occupied time: 14.99 hours
Occupied time: 15.00 hours
Occupied time: 15.00 hours
Occupied time: 15.01 hours
Occupied time: 15.01 hours
Occupied time: 15.02 hours
Occupied time: 15.02 hours
Occupied time: 15.02 hours
Occupied time: 15.03 hours
Occupied time: 15.03 hours
Occupied time: 15.04 hours
Occupied time: 15.04 hours
Occupied time: 15.05 hours
Occupied time: 15.05 hours
Occupied time: 15.06 hours
Occupied time: 15.06 hours
Occupied time: 15.07 hours
Occupied time: 15.07 hours
Occupied time: 15.07 hours
Occupied time: 15.08 hours
Occupied time: 15.08 hours
Occupied time: 15.09 hours
Occupied time: 15.09 hours
Occupied time: 15.10 hours
Occupied time: 15.10 hours
Occupied time: 15.11 hours
Occupied time: 15.11 hours
Occupied time: 15.12 hours
Occupied time: 15.12 hours
Occupied time: 15.12 hours
Occupied time: 15.13 hours
Occupied time: 15.13 hours
Occupied time: 15.14 hours
Occupied time: 15.14 hours
Occupied time: 15.15 hours
Occupied time: 15.15 hours
Occupied time: 15.16 hours
Occupied time: 15.16 hours
Occupied time: 15.17 hours
Occupied time: 15.17 hours
Occupied time: 15.18 hours
Occupied time: 15.18 hours
Occupied time: 15.18 hours
Occupied time: 15.19 hours
Occupied time: 15.19 hours
Occupied time: 15.20 hours
Occupied time: 15.20 hours
Occupied time: 15.21 hours
Occupied time: 15.21 hours
Occupied time: 15.22 hours
Occupied time: 15.22 hours
Occupied time: 15.23 hours
Occupied time: 15.23 hours
Occupied time: 15.24 hours
Occupied time: 15.24 hours
Occupied time: 15.24 hours
Occupied time: 15.25 hours
Occupied time: 15.25 hours
Occupied time: 15.26 hours
Occupied time: 15.26 hours
Occupied time: 15.27 hours
Occupied time: 15.27 hours
Occupied time: 15.28 hours
Occupied time: 15.28 hours
Occupied time: 15.29 hours
Occupied time: 15.29 hours
Occupied time: 15.30 hours
Occupied time: 15.30 hours
Occupied time: 15.30 hours
Occupied time: 15.31 hours
Occupied time: 15.31 hours
Occupied time: 15.32 hours
Occupied time: 15.32 hours
Occupied time: 15.33 hours
Occupied time: 15.33 hours
Occupied time: 15.34 hours
Occupied time: 15.34 hours
Occupied time: 15.35 hours
Occupied time: 15.35 hours
Occupied time: 15.35 hours
Occupied time: 15.36 hours
Occupied time: 15.36 hours
Occupied time: 15.37 hours
Occupied time: 15.37 hours
Occupied time: 15.38 hours
Occupied time: 15.38 hours
Occupied time: 15.39 hours
Occupied time: 15.39 hours
Occupied time: 15.40 hours
Occupied time: 15.40 hours
Occupied time: 15.40 hours
Occupied time: 15.41 hours
Occupied time: 15.41 hours
Occupied time: 15.42 hours
Occupied time: 15.42 hours
Occupied time: 15.43 hours
Occupied time: 15.43 hours
Occupied time: 15.44 hours
Occupied time: 15.44 hours
Occupied time: 15.45 hours
Occupied time: 15.45 hours
Occupied time: 15.46 hours
Occupied time: 15.46 hours
Occupied time: 15.46 hours
Occupied time: 15.47 hours
Occupied time: 15.47 hours
Occupied time: 15.48 hours
Occupied time: 15.48 hours
Occupied time: 15.49 hours
Occupied time: 15.49 hours
Occupied time: 15.50 hours
Occupied time: 15.50 hours
Occupied time: 15.51 hours
Occupied time: 15.51 hours
Occupied time: 15.52 hours
Occupied time: 15.52 hours
Occupied time: 15.52 hours
Occupied time: 15.53 hours
Occupied time: 15.53 hours
Occupied time: 15.54 hours
Occupied time: 15.54 hours
Occupied time: 15.55 hours
Occupied time: 15.55 hours
Occupied time: 15.56 hours
Occupied time: 15.56 hours
Occupied time: 15.57 hours
Occupied time: 15.57 hours
Occupied time: 15.57 hours
Occupied time: 15.58 hours
Occupied time: 15.58 hours
Occupied time: 15.59 hours
Occupied time: 15.59 hours
Occupied time: 15.60 hours
Occupied time: 15.60 hours
Occupied time: 15.61 hours
Occupied time: 15.61 hours
Occupied time: 15.62 hours
Occupied time: 15.62 hours
Occupied time: 15.62 hours
Occupied time: 15.63 hours
Occupied time: 15.63 hours
Occupied time: 15.64 hours
Occupied time: 15.64 hours
Occupied time: 15.65 hours
Occupied time: 15.65 hours
Occupied time: 15.66 hours
Occupied time: 15.66 hours
Occupied time: 15.67 hours
Occupied time: 15.67 hours
Occupied time: 15.67 hours
Occupied time: 15.68 hours
Occupied time: 15.68 hours
Occupied time: 15.69 hours
Occupied time: 15.69 hours
Occupied time: 15.70 hours
Occupied time: 15.70 hours
Occupied time: 15.71 hours
Occupied time: 15.71 hours
Occupied time: 15.72 hours
Occupied time: 15.72 hours
Occupied time: 15.73 hours
Occupied time: 15.73 hours
Occupied time: 15.73 hours
Occupied time: 15.74 hours
Occupied time: 15.74 hours
Occupied time: 15.75 hours
Occupied time: 15.75 hours
Occupied time: 15.76 hours
Occupied time: 15.76 hours
Occupied time: 15.77 hours
Occupied time: 15.77 hours
Occupied time: 15.78 hours
Occupied time: 15.78 hours
Occupied time: 15.79 hours
Occupied time: 15.79 hours
Occupied time: 15.79 hours
Occupied time: 15.80 hours
Occupied time: 15.80 hours
Occupied time: 15.81 hours
Occupied time: 15.81 hours
Occupied time: 15.82 hours
Occupied time: 15.82 hours
Occupied time: 15.83 hours
Occupied time: 15.83 hours
Occupied time: 15.84 hours
Occupied time: 15.84 hours
Occupied time: 15.84 hours
Occupied time: 15.85 hours
Occupied time: 15.85 hours
Occupied time: 15.86 hours
Occupied time: 15.86 hours
Occupied time: 15.87 hours
Occupied time: 15.87 hours
Occupied time: 15.88 hours
Occupied time: 15.88 hours
Occupied time: 15.89 hours
Occupied time: 15.89 hours
Occupied time: 15.90 hours
Occupied time: 15.90 hours
Occupied time: 15.90 hours
Occupied time: 15.91 hours
Occupied time: 15.91 hours
Occupied time: 15.92 hours
Occupied time: 15.92 hours
Occupied time: 15.93 hours
Occupied time: 15.93 hours
Occupied time: 15.94 hours
Occupied time: 15.94 hours
Occupied time: 15.95 hours
Occupied time: 15.95 hours
Occupied time: 15.95 hours
Occupied time: 15.96 hours
Occupied time: 15.96 hours
Occupied time: 15.97 hours
Occupied time: 15.97 hours
Occupied time: 15.98 hours
Occupied time: 15.98 hours
Occupied time: 15.99 hours
Occupied time: 15.99 hours
Occupied time: 16.00 hours
Occupied time: 16.00 hours
Occupied time: 16.00 hours
Occupied time: 16.01 hours
Occupied time: 16.01 hours
Occupied time: 16.02 hours
Occupied time: 16.02 hours
Occupied time: 16.03 hours
Occupied time: 16.03 hours
Occupied time: 16.04 hours
Occupied time: 16.04 hours
Occupied time: 16.05 hours
Occupied time: 16.05 hours
Occupied time: 16.06 hours
Occupied time: 16.06 hours
Occupied time: 16.06 hours
Occupied time: 16.07 hours
Occupied time: 16.07 hours
Occupied time: 16.08 hours
Occupied time: 16.08 hours
Occupied time: 16.09 hours
Occupied time: 16.09 hours
Occupied time: 16.10 hours
Occupied time: 16.10 hours
Occupied time: 16.11 hours
Occupied time: 16.11 hours
Occupied time: 16.11 hours
Occupied time: 16.12 hours
Occupied time: 16.12 hours
Occupied time: 16.13 hours
Occupied time: 16.13 hours
Occupied time: 16.14 hours
Occupied time: 16.14 hours
Occupied time: 16.15 hours
Occupied time: 16.15 hours
Occupied time: 16.16 hours
Occupied time: 16.16 hours
Occupied time: 16.17 hours
Occupied time: 16.17 hours
Occupied time: 16.17 hours
Occupied time: 16.18 hours
Occupied time: 16.18 hours
Occupied time: 16.19 hours
Occupied time: 16.19 hours
Occupied time: 16.20 hours
Occupied time: 16.20 hours
Occupied time: 16.21 hours
Occupied time: 16.21 hours
Occupied time: 16.22 hours
Occupied time: 16.22 hours
Occupied time: 16.23 hours
Occupied time: 16.23 hours
Occupied time: 16.23 hours
Occupied time: 16.24 hours
Occupied time: 16.24 hours
Occupied time: 16.25 hours
Occupied time: 16.25 hours
Occupied time: 16.26 hours
Occupied time: 16.26 hours
Occupied time: 16.27 hours
Occupied time: 16.27 hours
Occupied time: 16.28 hours
Occupied time: 16.28 hours
Occupied time: 16.28 hours
Occupied time: 16.29 hours
Occupied time: 16.29 hours
Occupied time: 16.30 hours
Occupied time: 16.30 hours
Occupied time: 16.31 hours
Occupied time: 16.31 hours
Occupied time: 16.32 hours
Occupied time: 16.32 hours
Occupied time: 16.33 hours
Occupied time: 16.33 hours
Occupied time: 16.33 hours
Occupied time: 16.34 hours
Occupied time: 16.34 hours
Occupied time: 16.35 hours
Occupied time: 16.35 hours
Occupied time: 16.36 hours
Occupied time: 16.36 hours
Occupied time: 16.37 hours
Occupied time: 16.37 hours
Occupied time: 16.38 hours
Occupied time: 16.38 hours
Occupied time: 16.38 hours
Occupied time: 16.39 hours
Occupied time: 16.39 hours
Occupied time: 16.40 hours
Occupied time: 16.40 hours
Occupied time: 16.41 hours
Occupied time: 16.41 hours
Occupied time: 16.42 hours
Occupied time: 16.42 hours
Occupied time: 16.43 hours
Occupied time: 16.43 hours
Occupied time: 16.44 hours
Occupied time: 16.44 hours
Occupied time: 16.44 hours
Occupied time: 16.45 hours
Occupied time: 16.45 hours
Occupied time: 16.46 hours
Occupied time: 16.46 hours
Occupied time: 16.47 hours
Occupied time: 16.47 hours
Occupied time: 16.48 hours
Occupied time: 16.48 hours
Occupied time: 16.49 hours
Occupied time: 16.49 hours
Occupied time: 16.49 hours
Occupied time: 16.50 hours
Occupied time: 16.50 hours
Occupied time: 16.51 hours
Occupied time: 16.51 hours
Occupied time: 16.52 hours
Occupied time: 16.52 hours
Occupied time: 16.53 hours
Occupied time: 16.53 hours
Occupied time: 16.54 hours
Occupied time: 16.54 hours
Occupied time: 16.54 hours
Occupied time: 16.55 hours
Occupied time: 16.55 hours
Occupied time: 16.56 hours
Occupied time: 16.56 hours
Occupied time: 16.57 hours
Occupied time: 16.57 hours
Occupied time: 16.58 hours
Occupied time: 16.58 hours
Occupied time: 16.59 hours
Occupied time: 16.59 hours
Occupied time: 16.59 hours
Occupied time: 16.60 hours
Occupied time: 16.60 hours
Occupied time: 16.61 hours
Occupied time: 16.61 hours
Occupied time: 16.62 hours
Occupied time: 16.62 hours
Occupied time: 16.63 hours
Occupied time: 16.63 hours
Occupied time: 16.64 hours
Occupied time: 16.64 hours
Occupied time: 16.65 hours
Occupied time: 16.65 hours
Occupied time: 16.65 hours
Occupied time: 16.66 hours
Occupied time: 16.66 hours
Occupied time: 16.67 hours
Occupied time: 16.67 hours
Occupied time: 16.68 hours
Occupied time: 16.68 hours
Occupied time: 16.69 hours
Occupied time: 16.69 hours
Occupied time: 16.70 hours
Occupied time: 16.70 hours
Occupied time: 16.71 hours
Occupied time: 16.71 hours
Occupied time: 16.71 hours
Occupied time: 16.72 hours
Occupied time: 16.72 hours
Occupied time: 16.73 hours
Occupied time: 16.73 hours
Occupied time: 16.74 hours
Occupied time: 16.74 hours
Occupied time: 16.75 hours
Occupied time: 16.75 hours
Occupied time: 16.76 hours
Occupied time: 16.76 hours
Occupied time: 16.76 hours
Occupied time: 16.77 hours
Occupied time: 16.77 hours
Occupied time: 16.78 hours
Occupied time: 16.78 hours
Occupied time: 16.79 hours
Occupied time: 16.79 hours
Occupied time: 16.80 hours
Occupied time: 16.80 hours
Occupied time: 16.81 hours
Occupied time: 16.81 hours
Occupied time: 16.81 hours
Occupied time: 16.82 hours
Occupied time: 16.82 hours
Occupied time: 16.83 hours
Occupied time: 16.83 hours
Occupied time: 16.84 hours
Occupied time: 16.84 hours
Occupied time: 16.85 hours
Occupied time: 16.85 hours
Occupied time: 16.86 hours
Occupied time: 16.86 hours
Occupied time: 16.87 hours
Occupied time: 16.87 hours
Occupied time: 16.87 hours
Occupied time: 16.88 hours
Occupied time: 16.88 hours
Occupied time: 16.89 hours
Occupied time: 16.89 hours
Occupied time: 16.90 hours
Occupied time: 16.90 hours
Occupied time: 16.91 hours
Occupied time: 16.91 hours
Occupied time: 16.92 hours
Occupied time: 16.92 hours
Occupied time: 16.92 hours
Occupied time: 16.93 hours
Occupied time: 16.93 hours
Occupied time: 16.94 hours
Occupied time: 16.94 hours
Occupied time: 16.95 hours
Occupied time: 16.95 hours
Occupied time: 16.96 hours
Occupied time: 16.96 hours
Occupied time: 16.97 h