GPU memory (GB): 24.00
Occupied time (h): 72.00
GPU ID: 0,1,2,3
Try allocate GPU memory 1 times >>>>>>>>>>>>>>>>>>>>
GPU-0: Successfully allocate 24.00 GB GPU memory (23.27 GB available)
GPU-1: Successfully allocate 24.00 GB GPU memory (23.27 GB available)
GPU-2: Successfully allocate 24.00 GB GPU memory (23.27 GB available)
GPU-3: Successfully allocate 24.00 GB GPU memory (23.27 GB available)
Successfully allocate memory on all GPUs!
Running default script >>>>>>>>>>>>>>>>>>>>
Occupied time: 0.00 hours
Occupied time: 0.01 hours
Occupied time: 0.01 hours
Occupied time: 0.02 hours
Occupied time: 0.02 hours
Occupied time: 0.03 hours
Occupied time: 0.03 hours
Occupied time: 0.04 hours
Occupied time: 0.04 hours
Occupied time: 0.05 hours
Occupied time: 0.05 hours
Occupied time: 0.05 hours
Occupied time: 0.06 hours
Occupied time: 0.06 hours
Occupied time: 0.07 hours
Occupied time: 0.07 hours
Occupied time: 0.08 hours
Occupied time: 0.08 hours
Occupied time: 0.09 hours
Occupied time: 0.09 hours
Occupied time: 0.10 hours
Occupied time: 0.10 hours
Occupied time: 0.11 hours
Occupied time: 0.11 hours
Occupied time: 0.11 hours
Occupied time: 0.12 hours
Occupied time: 0.12 hours
Occupied time: 0.13 hours
Occupied time: 0.13 hours
Occupied time: 0.14 hours
Occupied time: 0.14 hours
Occupied time: 0.15 hours
Occupied time: 0.15 hours
Occupied time: 0.16 hours
Occupied time: 0.16 hours
Occupied time: 0.16 hours
Occupied time: 0.17 hours
Occupied time: 0.17 hours
Occupied time: 0.18 hours
Occupied time: 0.18 hours
Occupied time: 0.19 hours
Occupied time: 0.19 hours
Occupied time: 0.20 hours
Occupied time: 0.20 hours
Occupied time: 0.21 hours
Occupied time: 0.21 hours
Occupied time: 0.22 hours
Occupied time: 0.22 hours
Occupied time: 0.22 hours
Occupied time: 0.23 hours
Occupied time: 0.23 hours
Occupied time: 0.24 hours
Occupied time: 0.24 hours
Occupied time: 0.25 hours
Occupied time: 0.25 hours
Occupied time: 0.26 hours
Occupied time: 0.26 hours
Occupied time: 0.27 hours
Occupied time: 0.27 hours
Occupied time: 0.27 hours
Occupied time: 0.28 hours
Occupied time: 0.28 hours
Occupied time: 0.29 hours
Occupied time: 0.29 hours
Occupied time: 0.30 hours
Occupied time: 0.30 hours
Occupied time: 0.31 hours
Occupied time: 0.31 hours
Occupied time: 0.32 hours
Occupied time: 0.32 hours
Occupied time: 0.32 hours
Occupied time: 0.33 hours
Occupied time: 0.33 hours
Occupied time: 0.34 hours
Occupied time: 0.34 hours
Occupied time: 0.35 hours
Occupied time: 0.35 hours
Occupied time: 0.36 hours
Occupied time: 0.36 hours
Occupied time: 0.37 hours
Occupied time: 0.37 hours
Occupied time: 0.38 hours
Occupied time: 0.38 hours
Occupied time: 0.38 hours
Occupied time: 0.39 hours
Occupied time: 0.39 hours
Occupied time: 0.40 hours
Occupied time: 0.40 hours
Occupied time: 0.41 hours
Occupied time: 0.41 hours
Occupied time: 0.42 hours
Occupied time: 0.42 hours
Occupied time: 0.43 hours
Occupied time: 0.43 hours
Occupied time: 0.44 hours
Occupied time: 0.44 hours
Occupied time: 0.44 hours
Occupied time: 0.45 hours
Occupied time: 0.45 hours
Occupied time: 0.46 hours
Occupied time: 0.46 hours
Occupied time: 0.47 hours
Occupied time: 0.47 hours
Occupied time: 0.48 hours
Occupied time: 0.48 hours
Occupied time: 0.49 hours
Occupied time: 0.49 hours
Occupied time: 0.49 hours
Occupied time: 0.50 hours
Occupied time: 0.50 hours
Occupied time: 0.51 hours
Occupied time: 0.51 hours
Occupied time: 0.52 hours
Occupied time: 0.52 hours
Occupied time: 0.53 hours
Occupied time: 0.53 hours
Occupied time: 0.54 hours
Occupied time: 0.54 hours
Occupied time: 0.54 hours
Occupied time: 0.55 hours
Occupied time: 0.55 hours
Occupied time: 0.56 hours
Occupied time: 0.56 hours
Occupied time: 0.57 hours
Occupied time: 0.57 hours
Occupied time: 0.58 hours
Occupied time: 0.58 hours
Occupied time: 0.59 hours
Occupied time: 0.59 hours
Occupied time: 0.59 hours
Occupied time: 0.60 hours
Occupied time: 0.60 hours
Occupied time: 0.61 hours
Occupied time: 0.61 hours
Occupied time: 0.62 hours
Occupied time: 0.62 hours
Occupied time: 0.63 hours
Occupied time: 0.63 hours
Occupied time: 0.64 hours
Occupied time: 0.64 hours
Occupied time: 0.65 hours
Occupied time: 0.65 hours
Occupied time: 0.65 hours
Occupied time: 0.66 hours
Occupied time: 0.66 hours
Occupied time: 0.67 hours
Occupied time: 0.67 hours
Occupied time: 0.68 hours
Occupied time: 0.68 hours
Occupied time: 0.69 hours
Occupied time: 0.69 hours
Occupied time: 0.70 hours
Occupied time: 0.70 hours
Occupied time: 0.70 hours
Occupied time: 0.71 hours
Occupied time: 0.71 hours
Occupied time: 0.72 hours
Occupied time: 0.72 hours
Occupied time: 0.73 hours
Occupied time: 0.73 hours
Occupied time: 0.74 hours
Occupied time: 0.74 hours
Occupied time: 0.75 hours
Occupied time: 0.75 hours
Occupied time: 0.75 hours
Occupied time: 0.76 hours
Occupied time: 0.76 hours
Occupied time: 0.77 hours
Occupied time: 0.77 hours
Occupied time: 0.78 hours
Occupied time: 0.78 hours
Occupied time: 0.79 hours
Occupied time: 0.79 hours
Occupied time: 0.80 hours
Occupied time: 0.80 hours
Occupied time: 0.80 hours
Occupied time: 0.81 hours
Occupied time: 0.81 hours
Occupied time: 0.82 hours
Occupied time: 0.82 hours
Occupied time: 0.83 hours
Occupied time: 0.83 hours
Occupied time: 0.84 hours
Occupied time: 0.84 hours
Occupied time: 0.85 hours
Occupied time: 0.85 hours
Occupied time: 0.86 hours
Occupied time: 0.86 hours
Occupied time: 0.86 hours
Occupied time: 0.87 hours
Occupied time: 0.87 hours
Occupied time: 0.88 hours
Occupied time: 0.88 hours
Occupied time: 0.89 hours
Occupied time: 0.89 hours
Occupied time: 0.90 hours
Occupied time: 0.90 hours
Occupied time: 0.91 hours
Occupied time: 0.91 hours
Occupied time: 0.92 hours
Occupied time: 0.92 hours
Occupied time: 0.92 hours
Occupied time: 0.93 hours
Occupied time: 0.93 hours
Occupied time: 0.94 hours
Occupied time: 0.94 hours
Occupied time: 0.95 hours
Occupied time: 0.95 hours
Occupied time: 0.96 hours
Occupied time: 0.96 hours
Occupied time: 0.97 hours
Occupied time: 0.97 hours
Occupied time: 0.97 hours
Occupied time: 0.98 hours
Occupied time: 0.98 hours
Occupied time: 0.99 hours
Occupied time: 0.99 hours
Occupied time: 1.00 hours
Occupied time: 1.00 hours
Occupied time: 1.01 hours
Occupied time: 1.01 hours
Occupied time: 1.02 hours
Occupied time: 1.02 hours
Occupied time: 1.02 hours
Occupied time: 1.03 hours
Occupied time: 1.03 hours
Occupied time: 1.04 hours
Occupied time: 1.04 hours
Occupied time: 1.05 hours
Occupied time: 1.05 hours
Occupied time: 1.06 hours
Occupied time: 1.06 hours
Occupied time: 1.07 hours
Occupied time: 1.07 hours
Occupied time: 1.08 hours
Occupied time: 1.08 hours
Occupied time: 1.08 hours
Occupied time: 1.09 hours
Occupied time: 1.09 hours
Occupied time: 1.10 hours
Occupied time: 1.10 hours
Occupied time: 1.11 hours
Occupied time: 1.11 hours
Occupied time: 1.12 hours
Occupied time: 1.12 hours
Occupied time: 1.13 hours
Occupied time: 1.13 hours
Occupied time: 1.13 hours
Occupied time: 1.14 hours
Occupied time: 1.14 hours
Occupied time: 1.15 hours
Occupied time: 1.15 hours
Occupied time: 1.16 hours
Occupied time: 1.16 hours
Occupied time: 1.17 hours
Occupied time: 1.17 hours
Occupied time: 1.18 hours
Occupied time: 1.18 hours
Occupied time: 1.19 hours
Occupied time: 1.19 hours
Occupied time: 1.19 hours
Occupied time: 1.20 hours
Occupied time: 1.20 hours
Occupied time: 1.21 hours
Occupied time: 1.21 hours
Occupied time: 1.22 hours
Occupied time: 1.22 hours
Occupied time: 1.23 hours
Occupied time: 1.23 hours
Occupied time: 1.24 hours
Occupied time: 1.24 hours
Occupied time: 1.25 hours
Occupied time: 1.25 hours
Occupied time: 1.25 hours
Occupied time: 1.26 hours
Occupied time: 1.26 hours
Occupied time: 1.27 hours
Occupied time: 1.27 hours
Occupied time: 1.28 hours
Occupied time: 1.28 hours
Occupied time: 1.29 hours
Occupied time: 1.29 hours
Occupied time: 1.30 hours
Occupied time: 1.30 hours
Occupied time: 1.30 hours
Occupied time: 1.31 hours
Occupied time: 1.31 hours
Occupied time: 1.32 hours
Occupied time: 1.32 hours
Occupied time: 1.33 hours
Occupied time: 1.33 hours
Occupied time: 1.34 hours
Occupied time: 1.34 hours
Occupied time: 1.35 hours
Occupied time: 1.35 hours
Occupied time: 1.36 hours
Occupied time: 1.36 hours
Occupied time: 1.36 hours
Occupied time: 1.37 hours
Occupied time: 1.37 hours
Occupied time: 1.38 hours
Occupied time: 1.38 hours
Occupied time: 1.39 hours
Occupied time: 1.39 hours
Occupied time: 1.40 hours
Occupied time: 1.40 hours
Occupied time: 1.41 hours
Occupied time: 1.41 hours
Occupied time: 1.41 hours
Occupied time: 1.42 hours
Occupied time: 1.42 hours
Occupied time: 1.43 hours
Occupied time: 1.43 hours
Occupied time: 1.44 hours
Occupied time: 1.44 hours
Occupied time: 1.45 hours
Occupied time: 1.45 hours
Occupied time: 1.46 hours
Occupied time: 1.46 hours
Occupied time: 1.47 hours
Occupied time: 1.47 hours
Occupied time: 1.47 hours
Occupied time: 1.48 hours
Occupied time: 1.48 hours
Occupied time: 1.49 hours
Occupied time: 1.49 hours
Occupied time: 1.50 hours
Occupied time: 1.50 hours
Occupied time: 1.51 hours
Occupied time: 1.51 hours
Occupied time: 1.52 hours
Occupied time: 1.52 hours
Occupied time: 1.53 hours
Occupied time: 1.53 hours
Occupied time: 1.54 hours
Occupied time: 1.54 hours
Occupied time: 1.55 hours
Occupied time: 1.55 hours
Occupied time: 1.56 hours
Occupied time: 1.56 hours
Occupied time: 1.57 hours
Occupied time: 1.57 hours
Occupied time: 1.57 hours
Occupied time: 1.58 hours
Occupied time: 1.58 hours
Occupied time: 1.59 hours
Occupied time: 1.59 hours
Occupied time: 1.60 hours
Occupied time: 1.60 hours
Occupied time: 1.61 hours
Occupied time: 1.61 hours
Occupied time: 1.62 hours
Occupied time: 1.63 hours
Occupied time: 1.63 hours
Occupied time: 1.64 hours
Occupied time: 1.64 hours
Occupied time: 1.65 hours
Occupied time: 1.65 hours
Occupied time: 1.66 hours
Occupied time: 1.66 hours
Occupied time: 1.67 hours
Occupied time: 1.67 hours
Occupied time: 1.68 hours
Occupied time: 1.68 hours
Occupied time: 1.69 hours
Occupied time: 1.70 hours
Occupied time: 1.70 hours
Occupied time: 1.71 hours
Occupied time: 1.71 hours
Occupied time: 1.72 hours
Occupied time: 1.72 hours
Occupied time: 1.73 hours
Occupied time: 1.73 hours
Occupied time: 1.74 hours
Occupied time: 1.74 hours
Occupied time: 1.75 hours
Occupied time: 1.76 hours
Occupied time: 1.76 hours
Occupied time: 1.77 hours
Occupied time: 1.77 hours
Occupied time: 1.78 hours
Occupied time: 1.78 hours
Occupied time: 1.79 hours
Occupied time: 1.79 hours
Occupied time: 1.80 hours
Occupied time: 1.80 hours
Occupied time: 1.80 hours
Occupied time: 1.81 hours
Occupied time: 1.82 hours
Occupied time: 1.82 hours
Occupied time: 1.83 hours
Occupied time: 1.83 hours
Occupied time: 1.84 hours
Occupied time: 1.84 hours
Occupied time: 1.85 hours
Occupied time: 1.85 hours
Occupied time: 1.86 hours
Occupied time: 1.87 hours
Occupied time: 1.87 hours
Occupied time: 1.88 hours
Occupied time: 1.88 hours
Occupied time: 1.89 hours
Occupied time: 1.89 hours
Occupied time: 1.90 hours
Occupied time: 1.90 hours
Occupied time: 1.91 hours
Occupied time: 1.91 hours
Occupied time: 1.92 hours
Occupied time: 1.93 hours
Occupied time: 1.93 hours
Occupied time: 1.94 hours
Occupied time: 1.94 hours
Occupied time: 1.95 hours
Occupied time: 1.95 hours
Occupied time: 1.96 hours
Occupied time: 1.96 hours
Occupied time: 1.97 hours
Occupied time: 1.97 hours
Occupied time: 1.98 hours
Occupied time: 1.99 hours
Occupied time: 1.99 hours
Occupied time: 2.00 hours
Occupied time: 2.00 hours
Occupied time: 2.01 hours
Occupied time: 2.01 hours
Occupied time: 2.02 hours
Occupied time: 2.02 hours
Occupied time: 2.03 hours
Occupied time: 2.03 hours
Occupied time: 2.04 hours
Occupied time: 2.05 hours
Occupied time: 2.05 hours
Occupied time: 2.06 hours
Occupied time: 2.06 hours
Occupied time: 2.07 hours
Occupied time: 2.07 hours
Occupied time: 2.08 hours
Occupied time: 2.08 hours
Occupied time: 2.09 hours
Occupied time: 2.09 hours
Occupied time: 2.10 hours
Occupied time: 2.11 hours
Occupied time: 2.11 hours
Occupied time: 2.12 hours
Occupied time: 2.12 hours
Occupied time: 2.13 hours
Occupied time: 2.13 hours
Occupied time: 2.14 hours
Occupied time: 2.14 hours
Occupied time: 2.15 hours
Occupied time: 2.16 hours
Occupied time: 2.16 hours
Occupied time: 2.17 hours
Occupied time: 2.17 hours
Occupied time: 2.18 hours
Occupied time: 2.18 hours
Occupied time: 2.19 hours
Occupied time: 2.20 hours
Occupied time: 2.20 hours
Occupied time: 2.20 hours
Occupied time: 2.21 hours
Occupied time: 2.21 hours
Occupied time: 2.22 hours
Occupied time: 2.22 hours
Occupied time: 2.23 hours
Occupied time: 2.23 hours
Occupied time: 2.24 hours
Occupied time: 2.24 hours
Occupied time: 2.25 hours
Occupied time: 2.25 hours
Occupied time: 2.25 hours
Occupied time: 2.26 hours
Occupied time: 2.26 hours
Occupied time: 2.27 hours
Occupied time: 2.27 hours
Occupied time: 2.28 hours
Occupied time: 2.28 hours
Occupied time: 2.29 hours
Occupied time: 2.29 hours
Occupied time: 2.30 hours
Occupied time: 2.30 hours
Occupied time: 2.31 hours
Occupied time: 2.31 hours
Occupied time: 2.31 hours
Occupied time: 2.32 hours
Occupied time: 2.32 hours
Occupied time: 2.33 hours
Occupied time: 2.33 hours
Occupied time: 2.34 hours
Occupied time: 2.34 hours
Occupied time: 2.35 hours
Occupied time: 2.35 hours
Occupied time: 2.36 hours
Occupied time: 2.36 hours
Occupied time: 2.37 hours
Occupied time: 2.37 hours
Occupied time: 2.37 hours
Occupied time: 2.38 hours
Occupied time: 2.38 hours
Occupied time: 2.39 hours
Occupied time: 2.39 hours
Occupied time: 2.40 hours
Occupied time: 2.40 hours
Occupied time: 2.41 hours
Occupied time: 2.41 hours
Occupied time: 2.42 hours
Occupied time: 2.42 hours
Occupied time: 2.42 hours
Occupied time: 2.43 hours
Occupied time: 2.43 hours
Occupied time: 2.44 hours
Occupied time: 2.44 hours
Occupied time: 2.45 hours
Occupied time: 2.45 hours
Occupied time: 2.46 hours
Occupied time: 2.46 hours
Occupied time: 2.47 hours
Occupied time: 2.47 hours
Occupied time: 2.47 hours
Occupied time: 2.48 hours
Occupied time: 2.48 hours
Occupied time: 2.49 hours
Occupied time: 2.49 hours
Occupied time: 2.50 hours
Occupied time: 2.50 hours
Occupied time: 2.51 hours
Occupied time: 2.51 hours
Occupied time: 2.52 hours
Occupied time: 2.52 hours
Occupied time: 2.53 hours
Occupied time: 2.53 hours
Occupied time: 2.53 hours
Occupied time: 2.54 hours
Occupied time: 2.54 hours
Occupied time: 2.55 hours
Occupied time: 2.55 hours
Occupied time: 2.56 hours
Occupied time: 2.56 hours
Occupied time: 2.57 hours
Occupied time: 2.57 hours
Occupied time: 2.58 hours
Occupied time: 2.58 hours
Occupied time: 2.58 hours
Occupied time: 2.59 hours
Occupied time: 2.59 hours
Occupied time: 2.60 hours
Occupied time: 2.60 hours
Occupied time: 2.61 hours
Occupied time: 2.61 hours
Occupied time: 2.62 hours
Occupied time: 2.62 hours
Occupied time: 2.63 hours
Occupied time: 2.63 hours
Occupied time: 2.64 hours
Occupied time: 2.64 hours
Occupied time: 2.64 hours
Occupied time: 2.65 hours
Occupied time: 2.65 hours
Occupied time: 2.66 hours
Occupied time: 2.66 hours
Occupied time: 2.67 hours
Occupied time: 2.67 hours
Occupied time: 2.68 hours
Occupied time: 2.68 hours
Occupied time: 2.69 hours
Occupied time: 2.69 hours
Occupied time: 2.69 hours
Occupied time: 2.70 hours
Occupied time: 2.70 hours
Occupied time: 2.71 hours
Occupied time: 2.71 hours
Occupied time: 2.72 hours
Occupied time: 2.72 hours
Occupied time: 2.73 hours
Occupied time: 2.73 hours
Occupied time: 2.74 hours
Occupied time: 2.74 hours
Occupied time: 2.75 hours
Occupied time: 2.75 hours
Occupied time: 2.75 hours
Occupied time: 2.76 hours
Occupied time: 2.76 hours
Occupied time: 2.77 hours
Occupied time: 2.77 hours
Occupied time: 2.78 hours
Occupied time: 2.78 hours
Occupied time: 2.79 hours
Occupied time: 2.79 hours
Occupied time: 2.80 hours
Occupied time: 2.80 hours
Occupied time: 2.80 hours
Occupied time: 2.81 hours
Occupied time: 2.81 hours
Occupied time: 2.82 hours
Occupied time: 2.82 hours
Occupied time: 2.83 hours
Occupied time: 2.83 hours
Occupied time: 2.84 hours
Occupied time: 2.84 hours
Occupied time: 2.85 hours
Occupied time: 2.85 hours
Occupied time: 2.85 hours
Occupied time: 2.86 hours
Occupied time: 2.86 hours
Occupied time: 2.87 hours
Occupied time: 2.87 hours
Occupied time: 2.88 hours
Occupied time: 2.88 hours
Occupied time: 2.89 hours
Occupied time: 2.89 hours
Occupied time: 2.90 hours
Occupied time: 2.90 hours
Occupied time: 2.90 hours
Occupied time: 2.91 hours
Occupied time: 2.91 hours
Occupied time: 2.92 hours
Occupied time: 2.92 hours
Occupied time: 2.93 hours
Occupied time: 2.93 hours
Occupied time: 2.94 hours
Occupied time: 2.94 hours
Occupied time: 2.95 hours
Occupied time: 2.95 hours
Occupied time: 2.96 hours
Occupied time: 2.96 hours
Occupied time: 2.96 hours
Occupied time: 2.97 hours
Occupied time: 2.97 hours
Occupied time: 2.98 hours
Occupied time: 2.98 hours
Occupied time: 2.99 hours
Occupied time: 2.99 hours
Occupied time: 3.00 hours
Occupied time: 3.00 hours
Occupied time: 3.01 hours
Occupied time: 3.01 hours
Occupied time: 3.01 hours
Occupied time: 3.02 hours
Occupied time: 3.02 hours
Occupied time: 3.03 hours
Occupied time: 3.03 hours
Occupied time: 3.04 hours
Occupied time: 3.04 hours
Occupied time: 3.05 hours
Occupied time: 3.05 hours
Occupied time: 3.06 hours
Occupied time: 3.06 hours
Occupied time: 3.06 hours
Occupied time: 3.07 hours
Occupied time: 3.07 hours
Occupied time: 3.08 hours
Occupied time: 3.08 hours
Occupied time: 3.09 hours
Occupied time: 3.09 hours
Occupied time: 3.10 hours
Occupied time: 3.10 hours
Occupied time: 3.11 hours
Occupied time: 3.11 hours
Occupied time: 3.11 hours
Occupied time: 3.12 hours
Occupied time: 3.12 hours
Occupied time: 3.13 hours
Occupied time: 3.13 hours
Occupied time: 3.14 hours
Occupied time: 3.14 hours
Occupied time: 3.15 hours
Occupied time: 3.15 hours
Occupied time: 3.16 hours
Occupied time: 3.16 hours
Occupied time: 3.16 hours
Occupied time: 3.17 hours
Occupied time: 3.17 hours
Occupied time: 3.18 hours
Occupied time: 3.18 hours
Occupied time: 3.19 hours
Occupied time: 3.19 hours
Occupied time: 3.20 hours
Occupied time: 3.20 hours
Occupied time: 3.21 hours
Occupied time: 3.21 hours
Occupied time: 3.22 hours
Occupied time: 3.22 hours
Occupied time: 3.22 hours
Occupied time: 3.23 hours
Occupied time: 3.23 hours
Occupied time: 3.24 hours
Occupied time: 3.24 hours
Occupied time: 3.25 hours
Occupied time: 3.25 hours
Occupied time: 3.26 hours
Occupied time: 3.26 hours
Occupied time: 3.27 hours
Occupied time: 3.27 hours
Occupied time: 3.27 hours
Occupied time: 3.28 hours
Occupied time: 3.28 hours
Occupied time: 3.29 hours
Occupied time: 3.29 hours
Occupied time: 3.30 hours
Occupied time: 3.30 hours
Occupied time: 3.31 hours
Occupied time: 3.31 hours
Occupied time: 3.32 hours
Occupied time: 3.32 hours
Occupied time: 3.33 hours
Occupied time: 3.33 hours
Occupied time: 3.33 hours
Occupied time: 3.34 hours
Occupied time: 3.34 hours
Occupied time: 3.35 hours
Occupied time: 3.35 hours
Occupied time: 3.36 hours
Occupied time: 3.36 hours
Occupied time: 3.37 hours
Occupied time: 3.37 hours
Occupied time: 3.38 hours
Occupied time: 3.38 hours
Occupied time: 3.38 hours
Occupied time: 3.39 hours
Occupied time: 3.39 hours
Occupied time: 3.40 hours
Occupied time: 3.40 hours
Occupied time: 3.41 hours
Occupied time: 3.41 hours
Occupied time: 3.42 hours
Occupied time: 3.42 hours
Occupied time: 3.43 hours
Occupied time: 3.43 hours
Occupied time: 3.43 hours
Occupied time: 3.44 hours
Occupied time: 3.44 hours
Occupied time: 3.45 hours
Occupied time: 3.45 hours
Occupied time: 3.46 hours
Occupied time: 3.46 hours
Occupied time: 3.47 hours
Occupied time: 3.47 hours
Occupied time: 3.48 hours
Occupied time: 3.48 hours
Occupied time: 3.48 hours
Occupied time: 3.49 hours
Occupied time: 3.49 hours
Occupied time: 3.50 hours
Occupied time: 3.50 hours
Occupied time: 3.51 hours
Occupied time: 3.51 hours
Occupied time: 3.52 hours
Occupied time: 3.52 hours
Occupied time: 3.53 hours
Occupied time: 3.53 hours
Occupied time: 3.54 hours
Occupied time: 3.54 hours
Occupied time: 3.54 hours
Occupied time: 3.55 hours
Occupied time: 3.55 hours
Occupied time: 3.56 hours
Occupied time: 3.56 hours
Occupied time: 3.57 hours
Occupied time: 3.57 hours
Occupied time: 3.58 hours
Occupied time: 3.58 hours
Occupied time: 3.59 hours
Occupied time: 3.59 hours
Occupied time: 3.59 hours
Occupied time: 3.60 hours
Occupied time: 3.60 hours
Occupied time: 3.61 hours
Occupied time: 3.61 hours
Occupied time: 3.62 hours
Occupied time: 3.62 hours
Occupied time: 3.63 hours
Occupied time: 3.63 hours
Occupied time: 3.64 hours
Occupied time: 3.64 hours
Occupied time: 3.64 hours
Occupied time: 3.65 hours
Occupied time: 3.65 hours
Occupied time: 3.66 hours
Occupied time: 3.66 hours
Occupied time: 3.67 hours
Occupied time: 3.67 hours
Occupied time: 3.68 hours
Occupied time: 3.68 hours
Occupied time: 3.69 hours
Occupied time: 3.69 hours
Occupied time: 3.69 hours
Occupied time: 3.70 hours
Occupied time: 3.70 hours
Occupied time: 3.71 hours
Occupied time: 3.71 hours
Occupied time: 3.72 hours
Occupied time: 3.72 hours
Occupied time: 3.73 hours
Occupied time: 3.73 hours
Occupied time: 3.74 hours
Occupied time: 3.74 hours
Occupied time: 3.74 hours
Occupied time: 3.75 hours
Occupied time: 3.75 hours
Occupied time: 3.76 hours
Occupied time: 3.76 hours
Occupied time: 3.77 hours
Occupied time: 3.77 hours
Occupied time: 3.78 hours
Occupied time: 3.78 hours
Occupied time: 3.79 hours
Occupied time: 3.79 hours
Occupied time: 3.79 hours
Occupied time: 3.80 hours
Occupied time: 3.80 hours
Occupied time: 3.81 hours
Occupied time: 3.81 hours
Occupied time: 3.82 hours
Occupied time: 3.82 hours
Occupied time: 3.83 hours
Occupied time: 3.83 hours
Occupied time: 3.84 hours
Occupied time: 3.84 hours
Occupied time: 3.85 hours
Occupied time: 3.85 hours
Occupied time: 3.85 hours
Occupied time: 3.86 hours
Occupied time: 3.86 hours
Occupied time: 3.87 hours
Occupied time: 3.87 hours
Occupied time: 3.88 hours
Occupied time: 3.88 hours
Occupied time: 3.89 hours
Occupied time: 3.89 hours
Occupied time: 3.90 hours
Occupied time: 3.90 hours
Occupied time: 3.90 hours
Occupied time: 3.91 hours
Occupied time: 3.91 hours
Occupied time: 3.92 hours
Occupied time: 3.92 hours
Occupied time: 3.93 hours
Occupied time: 3.93 hours
Occupied time: 3.94 hours
Occupied time: 3.94 hours
Occupied time: 3.95 hours
Occupied time: 3.95 hours
Occupied time: 3.95 hours
Occupied time: 3.96 hours
Occupied time: 3.96 hours
Occupied time: 3.97 hours
Occupied time: 3.97 hours
Occupied time: 3.98 hours
Occupied time: 3.98 hours
Occupied time: 3.99 hours
Occupied time: 3.99 hours
Occupied time: 4.00 hours
Occupied time: 4.00 hours
Occupied time: 4.01 hours
Occupied time: 4.01 hours
Occupied time: 4.01 hours
Occupied time: 4.02 hours
Occupied time: 4.02 hours
Occupied time: 4.03 hours
Occupied time: 4.03 hours
Occupied time: 4.04 hours
Occupied time: 4.04 hours
Occupied time: 4.05 hours
Occupied time: 4.05 hours
Occupied time: 4.06 hours
Occupied time: 4.06 hours
Occupied time: 4.06 hours
Occupied time: 4.07 hours
Occupied time: 4.07 hours
Occupied time: 4.08 hours
Occupied time: 4.08 hours
Occupied time: 4.09 hours
Occupied time: 4.09 hours
Occupied time: 4.10 hours
Occupied time: 4.10 hours
Occupied time: 4.11 hours
Occupied time: 4.11 hours
Occupied time: 4.12 hours
Occupied time: 4.12 hours
Occupied time: 4.12 hours
Occupied time: 4.13 hours
Occupied time: 4.13 hours
Occupied time: 4.14 hours
Occupied time: 4.14 hours
Occupied time: 4.15 hours
Occupied time: 4.15 hours
Occupied time: 4.16 hours
Occupied time: 4.16 hours
Occupied time: 4.17 hours
Occupied time: 4.17 hours
Occupied time: 4.17 hours
Occupied time: 4.18 hours
Occupied time: 4.18 hours
Occupied time: 4.19 hours
Occupied time: 4.19 hours
Occupied time: 4.20 hours
Occupied time: 4.20 hours
Occupied time: 4.21 hours
Occupied time: 4.21 hours
Occupied time: 4.22 hours
Occupied time: 4.22 hours
Occupied time: 4.22 hours
Occupied time: 4.23 hours
Occupied time: 4.23 hours
Occupied time: 4.24 hours
Occupied time: 4.24 hours
Occupied time: 4.25 hours
Occupied time: 4.25 hours
Occupied time: 4.26 hours
Occupied time: 4.26 hours
Occupied time: 4.27 hours
Occupied time: 4.27 hours
Occupied time: 4.28 hours
Occupied time: 4.28 hours
Occupied time: 4.28 hours
Occupied time: 4.29 hours
Occupied time: 4.29 hours
Occupied time: 4.30 hours
Occupied time: 4.30 hours
Occupied time: 4.31 hours
Occupied time: 4.31 hours
Occupied time: 4.32 hours
Occupied time: 4.32 hours
Occupied time: 4.33 hours
Occupied time: 4.33 hours
Occupied time: 4.33 hours
Occupied time: 4.34 hours
Occupied time: 4.34 hours
Occupied time: 4.35 hours
Occupied time: 4.35 hours
Occupied time: 4.36 hours
Occupied time: 4.36 hours
Occupied time: 4.37 hours
Occupied time: 4.37 hours
Occupied time: 4.38 hours
Occupied time: 4.38 hours
Occupied time: 4.38 hours
Occupied time: 4.39 hours
Occupied time: 4.39 hours
Occupied time: 4.40 hours
Occupied time: 4.40 hours
Occupied time: 4.41 hours
Occupied time: 4.41 hours
Occupied time: 4.42 hours
Occupied time: 4.42 hours
Occupied time: 4.43 hours
Occupied time: 4.43 hours
Occupied time: 4.44 hours
Occupied time: 4.44 hours
Occupied time: 4.44 hours
Occupied time: 4.45 hours
Occupied time: 4.45 hours
Occupied time: 4.46 hours
Occupied time: 4.46 hours
Occupied time: 4.47 hours
Occupied time: 4.47 hours
Occupied time: 4.48 hours
Occupied time: 4.48 hours
Occupied time: 4.49 hours
Occupied time: 4.49 hours
Occupied time: 4.49 hours
Occupied time: 4.50 hours
Occupied time: 4.50 hours
Occupied time: 4.51 hours
Occupied time: 4.51 hours
Occupied time: 4.52 hours
Occupied time: 4.52 hours
Occupied time: 4.53 hours
Occupied time: 4.53 hours
Occupied time: 4.54 hours
Occupied time: 4.54 hours
Occupied time: 4.55 hours
Occupied time: 4.55 hours
Occupied time: 4.55 hours
Occupied time: 4.56 hours
Occupied time: 4.56 hours
Occupied time: 4.57 hours
Occupied time: 4.57 hours
Occupied time: 4.58 hours
Occupied time: 4.58 hours
Occupied time: 4.59 hours
Occupied time: 4.59 hours
Occupied time: 4.60 hours
Occupied time: 4.60 hours
Occupied time: 4.60 hours
Occupied time: 4.61 hours
Occupied time: 4.61 hours
Occupied time: 4.62 hours
Occupied time: 4.62 hours
Occupied time: 4.63 hours
Occupied time: 4.63 hours
Occupied time: 4.64 hours
Occupied time: 4.64 hours
Occupied time: 4.65 hours
Occupied time: 4.65 hours
Occupied time: 4.66 hours
Occupied time: 4.66 hours
Occupied time: 4.66 hours
Occupied time: 4.67 hours
Occupied time: 4.67 hours
Occupied time: 4.68 hours
Occupied time: 4.68 hours
Occupied time: 4.69 hours
Occupied time: 4.69 hours
Occupied time: 4.70 hours
Occupied time: 4.70 hours
Occupied time: 4.71 hours
Occupied time: 4.71 hours
Occupied time: 4.71 hours
Occupied time: 4.72 hours
Occupied time: 4.72 hours
Occupied time: 4.73 hours
Occupied time: 4.73 hours
Occupied time: 4.74 hours
Occupied time: 4.74 hours
Occupied time: 4.75 hours
Occupied time: 4.75 hours
Occupied time: 4.76 hours
Occupied time: 4.76 hours
Occupied time: 4.76 hours
Occupied time: 4.77 hours
Occupied time: 4.77 hours
Occupied time: 4.78 hours
Occupied time: 4.78 hours
Occupied time: 4.79 hours
Occupied time: 4.79 hours
Occupied time: 4.80 hours
Occupied time: 4.80 hours
Occupied time: 4.81 hours
Occupied time: 4.81 hours
Occupied time: 4.81 hours
Occupied time: 4.82 hours
Occupied time: 4.82 hours
Occupied time: 4.83 hours
Occupied time: 4.83 hours
Occupied time: 4.84 hours
Occupied time: 4.84 hours
Occupied time: 4.85 hours
Occupied time: 4.85 hours
Occupied time: 4.86 hours
Occupied time: 4.86 hours
Occupied time: 4.86 hours
Occupied time: 4.87 hours
Occupied time: 4.87 hours
Occupied time: 4.88 hours
Occupied time: 4.88 hours
Occupied time: 4.89 hours
Occupied time: 4.89 hours
Occupied time: 4.90 hours
Occupied time: 4.90 hours
Occupied time: 4.91 hours
Occupied time: 4.91 hours
Occupied time: 4.92 hours
Occupied time: 4.92 hours
Occupied time: 4.92 hours
Occupied time: 4.93 hours
Occupied time: 4.93 hours
Occupied time: 4.94 hours
Occupied time: 4.94 hours
Occupied time: 4.95 hours
Occupied time: 4.95 hours
Occupied time: 4.96 hours
Occupied time: 4.96 hours
Occupied time: 4.97 hours
Occupied time: 4.97 hours
Occupied time: 4.97 hours
Occupied time: 4.98 hours
Occupied time: 4.98 hours
Occupied time: 4.99 hours
Occupied time: 4.99 hours
Occupied time: 5.00 hours
Occupied time: 5.00 hours
Occupied time: 5.01 hours
Occupied time: 5.01 hours
Occupied time: 5.02 hours
Occupied time: 5.02 hours
Occupied time: 5.02 hours
Occupied time: 5.03 hours
Occupied time: 5.03 hours
Occupied time: 5.04 hours
Occupied time: 5.04 hours
Occupied time: 5.05 hours
Occupied time: 5.05 hours
Occupied time: 5.06 hours
Occupied time: 5.06 hours
Occupied time: 5.07 hours
Occupied time: 5.07 hours
Occupied time: 5.07 hours
Occupied time: 5.08 hours
Occupied time: 5.08 hours
Occupied time: 5.09 hours
Occupied time: 5.09 hours
Occupied time: 5.10 hours
Occupied time: 5.10 hours
Occupied time: 5.11 hours
Occupied time: 5.11 hours
Occupied time: 5.12 hours
Occupied time: 5.12 hours
Occupied time: 5.13 hours
Occupied time: 5.13 hours
Occupied time: 5.13 hours
Occupied time: 5.14 hours
Occupied time: 5.14 hours
Occupied time: 5.15 hours
Occupied time: 5.15 hours
Occupied time: 5.16 hours
Occupied time: 5.16 hours
Occupied time: 5.17 hours
Occupied time: 5.17 hours
Occupied time: 5.18 hours
Occupied time: 5.18 hours
Occupied time: 5.19 hours
Occupied time: 5.19 hours
Occupied time: 5.19 hours
Occupied time: 5.20 hours
Occupied time: 5.20 hours
Occupied time: 5.21 hours
Occupied time: 5.21 hours
Occupied time: 5.22 hours
Occupied time: 5.22 hours
Occupied time: 5.23 hours
Occupied time: 5.23 hours
Occupied time: 5.24 hours
Occupied time: 5.24 hours
Occupied time: 5.24 hours
Occupied time: 5.25 hours
Occupied time: 5.25 hours
Occupied time: 5.26 hours
Occupied time: 5.26 hours
Occupied time: 5.27 hours
Occupied time: 5.27 hours
Occupied time: 5.28 hours
Occupied time: 5.28 hours
Occupied time: 5.29 hours
Occupied time: 5.29 hours
Occupied time: 5.29 hours
Occupied time: 5.30 hours
Occupied time: 5.30 hours
Occupied time: 5.31 hours
Occupied time: 5.31 hours
Occupied time: 5.32 hours
Occupied time: 5.32 hours
Occupied time: 5.33 hours
Occupied time: 5.33 hours
Occupied time: 5.34 hours
Occupied time: 5.34 hours
Occupied time: 5.35 hours
Occupied time: 5.35 hours
Occupied time: 5.35 hours
Occupied time: 5.36 hours
Occupied time: 5.36 hours
Occupied time: 5.37 hours
Occupied time: 5.37 hours
Occupied time: 5.38 hours
Occupied time: 5.38 hours
Occupied time: 5.39 hours
Occupied time: 5.39 hours
Occupied time: 5.40 hours
Occupied time: 5.40 hours
Occupied time: 5.41 hours
Occupied time: 5.41 hours
Occupied time: 5.41 hours
Occupied time: 5.42 hours
Occupied time: 5.42 hours
Occupied time: 5.43 hours
Occupied time: 5.43 hours
Occupied time: 5.44 hours
Occupied time: 5.44 hours
Occupied time: 5.45 hours
Occupied time: 5.45 hours
Occupied time: 5.46 hours
Occupied time: 5.46 hours
Occupied time: 5.46 hours
Occupied time: 5.47 hours
Occupied time: 5.47 hours
Occupied time: 5.48 hours
Occupied time: 5.48 hours
Occupied time: 5.49 hours
Occupied time: 5.49 hours
Occupied time: 5.50 hours
Occupied time: 5.50 hours
Occupied time: 5.51 hours
Occupied time: 5.51 hours
Occupied time: 5.52 hours
Occupied time: 5.52 hours
Occupied time: 5.52 hours
Occupied time: 5.53 hours
Occupied time: 5.53 hours
Occupied time: 5.54 hours
Occupied time: 5.54 hours
Occupied time: 5.55 hours
Occupied time: 5.55 hours
Occupied time: 5.56 hours
Occupied time: 5.56 hours
Occupied time: 5.56 hours
Occupied time: 5.57 hours
Occupied time: 5.57 hours
Occupied time: 5.58 hours
Occupied time: 5.58 hours
Occupied time: 5.59 hours
Occupied time: 5.59 hours
Occupied time: 5.60 hours
Occupied time: 5.60 hours
Occupied time: 5.61 hours
Occupied time: 5.61 hours
Occupied time: 5.61 hours
Occupied time: 5.62 hours
Occupied time: 5.62 hours
Occupied time: 5.63 hours
Occupied time: 5.63 hours
Occupied time: 5.64 hours
Occupied time: 5.64 hours
Occupied time: 5.65 hours
Occupied time: 5.65 hours
Occupied time: 5.66 hours
Occupied time: 5.66 hours
Occupied time: 5.67 hours
Occupied time: 5.67 hours
Occupied time: 5.67 hours
Occupied time: 5.68 hours
Occupied time: 5.68 hours
Occupied time: 5.69 hours
Occupied time: 5.69 hours
Occupied time: 5.70 hours
Occupied time: 5.70 hours
Occupied time: 5.71 hours
Occupied time: 5.71 hours
Occupied time: 5.72 hours
Occupied time: 5.72 hours
Occupied time: 5.72 hours
Occupied time: 5.73 hours
Occupied time: 5.73 hours
Occupied time: 5.74 hours
Occupied time: 5.74 hours
Occupied time: 5.75 hours
Occupied time: 5.75 hours
Occupied time: 5.76 hours
Occupied time: 5.76 hours
Occupied time: 5.77 hours
Occupied time: 5.77 hours
Occupied time: 5.77 hours
Occupied time: 5.78